2018-01-22 12:25:12,927 [main] INFO  org.mule.module.launcher.application.DefaultMuleApplication - 
++++++++++++++++++++++++++++++++++++++++++++++++++++++++++++
+ Initializing app 'jms'                                   +
++++++++++++++++++++++++++++++++++++++++++++++++++++++++++++
2018-01-22 12:25:13,099 [main] INFO  org.mule.lifecycle.AbstractLifecycleManager - Initialising RegistryBroker
2018-01-22 12:25:13,189 [main] INFO  org.mule.module.extension.internal.manager.DefaultExtensionManager - Starting discovery of extensions
2018-01-22 12:25:13,272 [main] INFO  org.mule.module.extension.internal.manager.DefaultExtensionManager - Discovered 1 extensions
2018-01-22 12:25:13,272 [main] INFO  org.mule.module.extension.internal.manager.DefaultExtensionManager - Registering extension validation (version 3.8)
2018-01-22 12:25:13,315 [main] INFO  org.mule.config.spring.MuleArtifactContext - Refreshing org.mule.config.spring.MuleArtifactContext@59a67c3a: startup date [Mon Jan 22 12:25:13 IST 2018]; root of context hierarchy
2018-01-22 12:25:14,358 [main] INFO  org.mule.config.spring.processors.NoDevkitInjectorProcessor - JSR-330 'javax.inject.Inject' annotation found and supported for autowiring
2018-01-22 12:25:15,029 [main] WARN  org.mule.module.ognl.expression.OgnlExpressionEvaluator - OGNL module is deprecated and will be removed in Mule 4.0. Use MEL expressions instead.
2018-01-22 12:25:15,240 [main] INFO  org.mule.util.journal.TransactionJournal - Using files for tx logs C:\Users\EAI\AnypointStudio\workspace\.mule\.\.mule\jms\queue-tx-log\tx1.log and C:\Users\EAI\AnypointStudio\workspace\.mule\.\.mule\jms\queue-tx-log\tx2.log
2018-01-22 12:25:15,254 [main] INFO  org.mule.util.journal.TransactionJournal - Using files for tx logs C:\Users\EAI\AnypointStudio\workspace\.mule\.\.mule\jms\queue-xa-tx-log\tx1.log and C:\Users\EAI\AnypointStudio\workspace\.mule\.\.mule\jms\queue-xa-tx-log\tx2.log
2018-01-22 12:25:15,260 [main] INFO  org.mule.lifecycle.AbstractLifecycleManager - Initialising connector: Active_MQ
2018-01-22 12:25:15,558 [main] INFO  org.mule.lifecycle.AbstractLifecycleManager - Initialising model: _muleSystemModel
2018-01-22 12:25:15,561 [main] INFO  org.mule.construct.FlowConstructLifecycleManager - Initialising flow: jmsFlow
2018-01-22 12:25:15,561 [main] INFO  org.mule.exception.DefaultMessagingExceptionStrategy - Initialising exception listener: org.mule.exception.DefaultMessagingExceptionStrategy@22d9bc14
2018-01-22 12:25:15,577 [main] INFO  org.mule.processor.SedaStageLifecycleManager - Initialising service: jmsFlow.stage1
2018-01-22 12:25:15,888 [main] INFO  org.mule.config.spring.SpringXmlConfigurationBuilder - Configured Mule using "org.mule.config.spring.SpringXmlConfigurationBuilder" with configuration resource(s): "[ConfigResource{resourceName='C:\Users\EAI\AnypointStudio\workspace\.mule\apps\jms\jms.xml'}]"
2018-01-22 12:25:15,888 [main] INFO  org.mule.config.builders.AutoConfigurationBuilder - Configured Mule using "org.mule.config.builders.AutoConfigurationBuilder" with configuration resource(s): "[ConfigResource{resourceName='C:\Users\EAI\AnypointStudio\workspace\.mule\apps\jms\jms.xml'}]"
2018-01-22 12:25:19,230 [main] INFO  org.mule.module.launcher.application.DefaultMuleApplication - 
++++++++++++++++++++++++++++++++++++++++++++++++++++++++++++
+ Starting app 'jms'                                       +
++++++++++++++++++++++++++++++++++++++++++++++++++++++++++++
2018-01-22 12:25:19,234 [main] INFO  org.mule.util.queue.QueueXaResourceManager - Starting ResourceManager
2018-01-22 12:25:19,235 [main] INFO  org.mule.util.queue.QueueXaResourceManager - Started ResourceManager
2018-01-22 12:25:19,652 [main] INFO  org.mule.transport.jms.activemq.ActiveMQJmsConnector - Connected: ActiveMQJmsConnector
{
  name=Active_MQ
  lifecycle=initialise
  this=6f8aba08
  numberOfConcurrentTransactedReceivers=4
  createMultipleTransactedReceivers=true
  connected=true
  supportedProtocols=[jms]
  serviceOverrides=<none>
}

2018-01-22 12:25:19,652 [main] INFO  org.mule.transport.jms.activemq.ActiveMQJmsConnector - Starting: ActiveMQJmsConnector
{
  name=Active_MQ
  lifecycle=initialise
  this=6f8aba08
  numberOfConcurrentTransactedReceivers=4
  createMultipleTransactedReceivers=true
  connected=true
  supportedProtocols=[jms]
  serviceOverrides=<none>
}

2018-01-22 12:25:19,653 [main] INFO  org.mule.lifecycle.AbstractLifecycleManager - Starting connector: Active_MQ
2018-01-22 12:25:19,655 [main] INFO  org.mule.modules.oauth2.provider.agents.DefaultSplashScreenAgent - 
++++++++++++++++++++++++++++++++++++++++++++++++++++++++++++++++++++++++++++++++
+ DevKit Extensions (0) used in this application 
                             +
++++++++++++++++++++++++++++++++++++++++++++++++++++++++++++++++++++++++++++++++
2018-01-22 12:25:19,657 [main] INFO  org.mule.lifecycle.AbstractLifecycleManager - Starting model: _muleSystemModel
2018-01-22 12:25:19,658 [main] INFO  org.mule.construct.FlowConstructLifecycleManager - Starting flow: jmsFlow
2018-01-22 12:25:19,658 [main] INFO  org.mule.processor.SedaStageLifecycleManager - Starting service: jmsFlow.stage1
2018-01-22 12:25:19,685 [main] INFO  org.mule.transport.jms.activemq.ActiveMQJmsConnector - Registering listener: jmsFlow on endpointUri: jms://chelsea
2018-01-22 12:25:19,693 [main] INFO  org.mule.transport.service.DefaultTransportServiceDescriptor - Loading default inbound transformer: org.mule.transport.jms.transformers.JMSMessageToObject
2018-01-22 12:25:19,693 [main] INFO  org.mule.transport.service.DefaultTransportServiceDescriptor - Loading default response transformer: org.mule.transport.jms.transformers.ObjectToJMSMessage
2018-01-22 12:25:19,696 [main] INFO  org.mule.lifecycle.AbstractLifecycleManager - Initialising: 'null'. Object is: MultiConsumerJmsMessageReceiver
2018-01-22 12:25:19,697 [main] INFO  org.mule.transport.jms.MultiConsumerJmsMessageReceiver - Connecting clusterizable message receiver
2018-01-22 12:25:19,740 [main] INFO  org.mule.transport.jms.MultiConsumerJmsMessageReceiver - Endpoint jms://chelsea has been successfully reconnected.
2018-01-22 12:25:19,741 [main] INFO  org.mule.lifecycle.AbstractLifecycleManager - Starting: 'null'. Object is: MultiConsumerJmsMessageReceiver
2018-01-22 12:25:19,741 [main] INFO  org.mule.transport.jms.MultiConsumerJmsMessageReceiver - Starting clusterizable message receiver
2018-01-22 12:25:19,746 [main] INFO  org.mule.module.management.agent.WrapperManagerAgent - This JVM hasn't been launched by the wrapper, the agent will not run.
2018-01-22 12:25:19,760 [main] INFO  org.mule.module.management.agent.AbstractJmxAgent - Attempting to register service with name: Mule.jms:type=Endpoint,service="jmsFlow",connector=Active_MQ,name="endpoint.jms.chelsea"
2018-01-22 12:25:19,761 [main] INFO  org.mule.module.management.agent.AbstractJmxAgent - Registered Endpoint Service with name: Mule.jms:type=Endpoint,service="jmsFlow",connector=Active_MQ,name="endpoint.jms.chelsea"
2018-01-22 12:25:19,761 [main] INFO  org.mule.module.management.agent.AbstractJmxAgent - Registered Connector Service with name Mule.jms:type=Connector,name="Active_MQ"
2018-01-22 12:25:19,764 [main] INFO  org.mule.DefaultMuleContext - 
**********************************************************************
* Application: jms                                                   *
* OS encoding: \, Mule encoding: UTF-8                               *
*                                                                    *
* Agents Running:                                                    *
*   Batch module default engine                                      *
*   JMX Agent                                                        *
*   DevKit Extension Information                                     *
*   Wrapper Manager                                                  *
**********************************************************************
2018-01-22 12:25:34,135 [[jms].jmsFlow.stage1.02] INFO  org.mule.api.processor.LoggerMessageProcessor - 
org.mule.DefaultMuleMessage
{
  id=3e4780c0-ff41-11e7-9515-98eecb1e3fc7
  payload=java.lang.String
  correlationId=
  correlationGroup=-1
  correlationSeq=-1
  encoding=UTF-8
  exceptionPayload=<not set>

Message properties:
  INVOCATION scoped properties:
  INBOUND scoped properties:
    JMSCorrelationID=
    JMSDeliveryMode=1
    JMSDestination=queue://chelsea
    JMSExpiration=0
    JMSMessageID=ID:G1C2MD24584-59285-1516603959401-4:1:1:1:1
    JMSPriority=0
    JMSRedelivered=false
    JMSTimestamp=1516604134050
    JMSType=
    MULE_CORRELATION_ID=
    MULE_MESSAGE_ID=ID:G1C2MD24584-59285-1516603959401-4:1:1:1:1
    MULE_ORIGINATING_ENDPOINT=endpoint.jms.chelsea
  OUTBOUND scoped properties:
  SESSION scoped properties:
}
2018-01-22 12:26:02,472 [main] INFO  org.mule.module.launcher.application.DefaultMuleApplication - 
++++++++++++++++++++++++++++++++++++++++++++++++++++++++++++
+ Initializing app 'jms'                                   +
++++++++++++++++++++++++++++++++++++++++++++++++++++++++++++
2018-01-22 12:26:02,624 [main] INFO  org.mule.lifecycle.AbstractLifecycleManager - Initialising RegistryBroker
2018-01-22 12:26:02,710 [main] INFO  org.mule.module.extension.internal.manager.DefaultExtensionManager - Starting discovery of extensions
2018-01-22 12:26:02,792 [main] INFO  org.mule.module.extension.internal.manager.DefaultExtensionManager - Discovered 1 extensions
2018-01-22 12:26:02,792 [main] INFO  org.mule.module.extension.internal.manager.DefaultExtensionManager - Registering extension validation (version 3.8)
2018-01-22 12:26:02,836 [main] INFO  org.mule.config.spring.MuleArtifactContext - Refreshing org.mule.config.spring.MuleArtifactContext@59a67c3a: startup date [Mon Jan 22 12:26:02 IST 2018]; root of context hierarchy
2018-01-22 12:26:03,860 [main] INFO  org.mule.config.spring.processors.NoDevkitInjectorProcessor - JSR-330 'javax.inject.Inject' annotation found and supported for autowiring
2018-01-22 12:26:04,462 [main] WARN  org.mule.module.ognl.expression.OgnlExpressionEvaluator - OGNL module is deprecated and will be removed in Mule 4.0. Use MEL expressions instead.
2018-01-22 12:26:04,650 [main] INFO  org.mule.util.journal.TransactionJournal - Using files for tx logs C:\Users\EAI\AnypointStudio\workspace\.mule\.\.mule\jms\queue-tx-log\tx1.log and C:\Users\EAI\AnypointStudio\workspace\.mule\.\.mule\jms\queue-tx-log\tx2.log
2018-01-22 12:26:04,662 [main] INFO  org.mule.util.journal.TransactionJournal - Using files for tx logs C:\Users\EAI\AnypointStudio\workspace\.mule\.\.mule\jms\queue-xa-tx-log\tx1.log and C:\Users\EAI\AnypointStudio\workspace\.mule\.\.mule\jms\queue-xa-tx-log\tx2.log
2018-01-22 12:26:04,667 [main] INFO  org.mule.lifecycle.AbstractLifecycleManager - Initialising connector: Active_MQ
2018-01-22 12:26:04,778 [main] INFO  org.mule.lifecycle.AbstractLifecycleManager - Initialising model: _muleSystemModel
2018-01-22 12:26:04,781 [main] INFO  org.mule.construct.FlowConstructLifecycleManager - Initialising flow: jmsFlow
2018-01-22 12:26:04,781 [main] INFO  org.mule.exception.DefaultMessagingExceptionStrategy - Initialising exception listener: org.mule.exception.DefaultMessagingExceptionStrategy@3382cf68
2018-01-22 12:26:04,801 [main] INFO  org.mule.processor.SedaStageLifecycleManager - Initialising service: jmsFlow.stage1
2018-01-22 12:26:05,105 [main] INFO  org.mule.config.spring.SpringXmlConfigurationBuilder - Configured Mule using "org.mule.config.spring.SpringXmlConfigurationBuilder" with configuration resource(s): "[ConfigResource{resourceName='C:\Users\EAI\AnypointStudio\workspace\.mule\apps\jms\jms.xml'}]"
2018-01-22 12:26:05,105 [main] INFO  org.mule.config.builders.AutoConfigurationBuilder - Configured Mule using "org.mule.config.builders.AutoConfigurationBuilder" with configuration resource(s): "[ConfigResource{resourceName='C:\Users\EAI\AnypointStudio\workspace\.mule\apps\jms\jms.xml'}]"
2018-01-22 12:26:08,415 [main] INFO  org.mule.module.launcher.application.DefaultMuleApplication - 
++++++++++++++++++++++++++++++++++++++++++++++++++++++++++++
+ Starting app 'jms'                                       +
++++++++++++++++++++++++++++++++++++++++++++++++++++++++++++
2018-01-22 12:26:08,420 [main] INFO  org.mule.util.queue.QueueXaResourceManager - Starting ResourceManager
2018-01-22 12:26:08,420 [main] INFO  org.mule.util.queue.QueueXaResourceManager - Started ResourceManager
2018-01-22 12:26:08,770 [main] INFO  org.mule.transport.jms.activemq.ActiveMQJmsConnector - Connected: ActiveMQJmsConnector
{
  name=Active_MQ
  lifecycle=initialise
  this=7a4d582c
  numberOfConcurrentTransactedReceivers=4
  createMultipleTransactedReceivers=true
  connected=true
  supportedProtocols=[jms]
  serviceOverrides=<none>
}

2018-01-22 12:26:08,770 [main] INFO  org.mule.transport.jms.activemq.ActiveMQJmsConnector - Starting: ActiveMQJmsConnector
{
  name=Active_MQ
  lifecycle=initialise
  this=7a4d582c
  numberOfConcurrentTransactedReceivers=4
  createMultipleTransactedReceivers=true
  connected=true
  supportedProtocols=[jms]
  serviceOverrides=<none>
}

2018-01-22 12:26:08,771 [main] INFO  org.mule.lifecycle.AbstractLifecycleManager - Starting connector: Active_MQ
2018-01-22 12:26:08,773 [main] INFO  org.mule.modules.oauth2.provider.agents.DefaultSplashScreenAgent - 
++++++++++++++++++++++++++++++++++++++++++++++++++++++++++++++++++++++++++++++++
+ DevKit Extensions (0) used in this application 
                             +
++++++++++++++++++++++++++++++++++++++++++++++++++++++++++++++++++++++++++++++++
2018-01-22 12:26:08,774 [main] INFO  org.mule.lifecycle.AbstractLifecycleManager - Starting model: _muleSystemModel
2018-01-22 12:26:08,775 [main] INFO  org.mule.construct.FlowConstructLifecycleManager - Starting flow: jmsFlow
2018-01-22 12:26:08,776 [main] INFO  org.mule.processor.SedaStageLifecycleManager - Starting service: jmsFlow.stage1
2018-01-22 12:26:08,804 [main] INFO  org.mule.transport.jms.activemq.ActiveMQJmsConnector - Registering listener: jmsFlow on endpointUri: jms://chelsea
2018-01-22 12:26:08,811 [main] INFO  org.mule.transport.service.DefaultTransportServiceDescriptor - Loading default inbound transformer: org.mule.transport.jms.transformers.JMSMessageToObject
2018-01-22 12:26:08,812 [main] INFO  org.mule.transport.service.DefaultTransportServiceDescriptor - Loading default response transformer: org.mule.transport.jms.transformers.ObjectToJMSMessage
2018-01-22 12:26:08,814 [main] INFO  org.mule.lifecycle.AbstractLifecycleManager - Initialising: 'null'. Object is: MultiConsumerJmsMessageReceiver
2018-01-22 12:26:08,815 [main] INFO  org.mule.transport.jms.MultiConsumerJmsMessageReceiver - Connecting clusterizable message receiver
2018-01-22 12:26:08,856 [main] INFO  org.mule.transport.jms.MultiConsumerJmsMessageReceiver - Endpoint jms://chelsea has been successfully reconnected.
2018-01-22 12:26:08,857 [main] INFO  org.mule.lifecycle.AbstractLifecycleManager - Starting: 'null'. Object is: MultiConsumerJmsMessageReceiver
2018-01-22 12:26:08,857 [main] INFO  org.mule.transport.jms.MultiConsumerJmsMessageReceiver - Starting clusterizable message receiver
2018-01-22 12:26:08,864 [main] INFO  org.mule.module.management.agent.WrapperManagerAgent - This JVM hasn't been launched by the wrapper, the agent will not run.
2018-01-22 12:26:08,883 [main] INFO  org.mule.module.management.agent.AbstractJmxAgent - Attempting to register service with name: Mule.jms:type=Endpoint,service="jmsFlow",connector=Active_MQ,name="endpoint.jms.chelsea"
2018-01-22 12:26:08,883 [main] INFO  org.mule.module.management.agent.AbstractJmxAgent - Registered Endpoint Service with name: Mule.jms:type=Endpoint,service="jmsFlow",connector=Active_MQ,name="endpoint.jms.chelsea"
2018-01-22 12:26:08,884 [main] INFO  org.mule.module.management.agent.AbstractJmxAgent - Registered Connector Service with name Mule.jms:type=Connector,name="Active_MQ"
2018-01-22 12:26:08,887 [main] INFO  org.mule.DefaultMuleContext - 
**********************************************************************
* Application: jms                                                   *
* OS encoding: \, Mule encoding: UTF-8                               *
*                                                                    *
* Agents Running:                                                    *
*   Batch module default engine                                      *
*   JMX Agent                                                        *
*   DevKit Extension Information                                     *
*   Wrapper Manager                                                  *
**********************************************************************
2018-01-22 12:26:43,497 [[jms].jmsFlow.stage1.02] INFO  org.mule.api.processor.LoggerMessageProcessor - asasas
2018-01-22 12:27:06,961 [[jms].jmsFlow.stage1.02] INFO  org.mule.api.processor.LoggerMessageProcessor - Chelsea blasts 
