2018-01-09 15:46:22,393 [main] INFO  org.mule.module.launcher.application.DefaultMuleApplication - 
++++++++++++++++++++++++++++++++++++++++++++++++++++++++++++
+ Initializing app 'Orchard_new'                           +
++++++++++++++++++++++++++++++++++++++++++++++++++++++++++++
2018-01-09 15:46:22,575 [main] INFO  org.mule.lifecycle.AbstractLifecycleManager - Initialising RegistryBroker
2018-01-09 15:46:22,669 [main] INFO  org.mule.module.extension.internal.manager.DefaultExtensionManager - Starting discovery of extensions
2018-01-09 15:46:22,784 [main] INFO  org.mule.module.extension.internal.manager.DefaultExtensionManager - Discovered 1 extensions
2018-01-09 15:46:22,784 [main] INFO  org.mule.module.extension.internal.manager.DefaultExtensionManager - Registering extension validation (version 3.8)
2018-01-09 15:46:22,845 [main] INFO  org.mule.config.spring.MuleArtifactContext - Refreshing org.mule.config.spring.MuleArtifactContext@245a26e1: startup date [Tue Jan 09 15:46:22 IST 2018]; root of context hierarchy
2018-01-09 15:46:24,330 [main] INFO  org.mule.config.spring.processors.NoDevkitInjectorProcessor - JSR-330 'javax.inject.Inject' annotation found and supported for autowiring
2018-01-09 15:46:24,669 [main] WARN  org.mule.expression.DefaultExpressionManager - Expression string is not an expression.  Use isExpression(String) to validate first
2018-01-09 15:46:24,669 [main] WARN  org.mule.expression.DefaultExpressionManager - Expression string is not an expression.  Use isExpression(String) to validate first
2018-01-09 15:46:24,669 [main] WARN  org.mule.expression.DefaultExpressionManager - Expression string is not an expression.  Use isExpression(String) to validate first
2018-01-09 15:46:24,669 [main] WARN  org.mule.expression.DefaultExpressionManager - Expression string is not an expression.  Use isExpression(String) to validate first
2018-01-09 15:46:24,705 [main] WARN  org.mule.expression.DefaultExpressionManager - Expression string is not an expression.  Use isExpression(String) to validate first
2018-01-09 15:46:24,705 [main] WARN  org.mule.expression.DefaultExpressionManager - Expression string is not an expression.  Use isExpression(String) to validate first
2018-01-09 15:46:24,705 [main] WARN  org.mule.expression.DefaultExpressionManager - Expression string is not an expression.  Use isExpression(String) to validate first
2018-01-09 15:46:24,705 [main] WARN  org.mule.expression.DefaultExpressionManager - Expression string is not an expression.  Use isExpression(String) to validate first
2018-01-09 15:46:25,205 [main] WARN  org.mule.module.ognl.expression.OgnlExpressionEvaluator - OGNL module is deprecated and will be removed in Mule 4.0. Use MEL expressions instead.
2018-01-09 15:46:25,705 [main] INFO  org.mule.util.journal.TransactionJournal - Using files for tx logs C:\Users\EAI\AnypointStudio\workspace\.mule\.\.mule\Orchard_new\queue-tx-log\tx1.log and C:\Users\EAI\AnypointStudio\workspace\.mule\.\.mule\Orchard_new\queue-tx-log\tx2.log
2018-01-09 15:46:25,707 [main] INFO  org.mule.util.journal.TransactionJournal - Using files for tx logs C:\Users\EAI\AnypointStudio\workspace\.mule\.\.mule\Orchard_new\queue-xa-tx-log\tx1.log and C:\Users\EAI\AnypointStudio\workspace\.mule\.\.mule\Orchard_new\queue-xa-tx-log\tx2.log
2018-01-09 15:46:25,801 [main] INFO  org.mule.lifecycle.AbstractLifecycleManager - Initialising model: _muleSystemModel
2018-01-09 15:46:25,801 [main] INFO  org.mule.construct.FlowConstructLifecycleManager - Initialising flow: jjFlow
2018-01-09 15:46:25,801 [main] INFO  org.mule.exception.DefaultMessagingExceptionStrategy - Initialising exception listener: org.mule.exception.DefaultMessagingExceptionStrategy@1903b5d
2018-01-09 15:46:25,817 [main] INFO  org.mule.processor.SedaStageLifecycleManager - Initialising service: jjFlow.stage1
2018-01-09 15:46:25,832 [main] INFO  org.mule.component.ComponentLifecycleManager - Initialising component: component.2106609649
2018-01-09 15:46:25,832 [main] INFO  org.mule.construct.FlowConstructLifecycleManager - Initialising flow: second-flow
2018-01-09 15:46:25,832 [main] INFO  org.mule.exception.DefaultMessagingExceptionStrategy - Initialising exception listener: org.mule.exception.DefaultMessagingExceptionStrategy@61ff6a49
2018-01-09 15:46:25,832 [main] INFO  org.mule.processor.SedaStageLifecycleManager - Initialising service: second-flow.stage1
2018-01-09 15:46:25,832 [main] INFO  org.mule.construct.FlowConstructLifecycleManager - Initialising flow: getMinds
2018-01-09 15:46:25,832 [main] INFO  org.mule.exception.DefaultMessagingExceptionStrategy - Initialising exception listener: org.mule.exception.DefaultMessagingExceptionStrategy@ee8e7ff
2018-01-09 15:46:25,848 [main] INFO  org.mule.processor.SedaStageLifecycleManager - Initialising service: getMinds.stage1
2018-01-09 15:46:26,236 [main] INFO  org.mule.construct.FlowConstructLifecycleManager - Initialising flow: PostMinds
2018-01-09 15:46:26,236 [main] INFO  org.mule.exception.DefaultMessagingExceptionStrategy - Initialising exception listener: org.mule.exception.DefaultMessagingExceptionStrategy@4ef4f627
2018-01-09 15:46:26,236 [main] INFO  org.mule.processor.SedaStageLifecycleManager - Initialising service: PostMinds.stage1
2018-01-09 15:46:26,236 [main] INFO  org.mule.construct.FlowConstructLifecycleManager - Initialising flow: GetLeads
2018-01-09 15:46:26,236 [main] INFO  org.mule.exception.DefaultMessagingExceptionStrategy - Initialising exception listener: org.mule.exception.DefaultMessagingExceptionStrategy@674da77b
2018-01-09 15:46:26,236 [main] INFO  org.mule.processor.SedaStageLifecycleManager - Initialising service: GetLeads.stage1
2018-01-09 15:46:26,252 [main] INFO  org.mule.construct.FlowConstructLifecycleManager - Initialising flow: postLeads
2018-01-09 15:46:26,252 [main] INFO  org.mule.exception.DefaultMessagingExceptionStrategy - Initialising exception listener: org.mule.exception.DefaultMessagingExceptionStrategy@29d405e6
2018-01-09 15:46:26,252 [main] INFO  org.mule.processor.SedaStageLifecycleManager - Initialising service: postLeads.stage1
2018-01-09 15:46:26,252 [main] INFO  org.mule.construct.FlowConstructLifecycleManager - Initialising flow: getTracks
2018-01-09 15:46:26,252 [main] INFO  org.mule.exception.DefaultMessagingExceptionStrategy - Initialising exception listener: org.mule.exception.DefaultMessagingExceptionStrategy@50b46e24
2018-01-09 15:46:26,252 [main] INFO  org.mule.processor.SedaStageLifecycleManager - Initialising service: getTracks.stage1
2018-01-09 15:46:26,252 [main] INFO  org.mule.construct.FlowConstructLifecycleManager - Initialising flow: PostTracks
2018-01-09 15:46:26,252 [main] INFO  org.mule.exception.DefaultMessagingExceptionStrategy - Initialising exception listener: org.mule.exception.DefaultMessagingExceptionStrategy@7459a21e
2018-01-09 15:46:26,252 [main] INFO  org.mule.processor.SedaStageLifecycleManager - Initialising service: PostTracks.stage1
2018-01-09 15:46:26,252 [main] INFO  org.mule.construct.FlowConstructLifecycleManager - Initialising flow: orchard_new-main
2018-01-09 15:46:26,252 [main] INFO  org.mule.module.apikit.MappingExceptionListener - Initialising exception listener: MappingExceptionListener{statusCode=404, exceptions=[org.mule.module.apikit.exception.NotFoundException]}
2018-01-09 15:46:26,252 [main] INFO  org.mule.module.apikit.MappingExceptionListener - Initialising exception listener: MappingExceptionListener{statusCode=405, exceptions=[org.mule.module.apikit.exception.MethodNotAllowedException]}
2018-01-09 15:46:26,252 [main] INFO  org.mule.module.apikit.MappingExceptionListener - Initialising exception listener: MappingExceptionListener{statusCode=415, exceptions=[org.mule.module.apikit.exception.UnsupportedMediaTypeException]}
2018-01-09 15:46:26,252 [main] INFO  org.mule.module.apikit.MappingExceptionListener - Initialising exception listener: MappingExceptionListener{statusCode=406, exceptions=[org.mule.module.apikit.exception.NotAcceptableException]}
2018-01-09 15:46:26,252 [main] INFO  org.mule.module.apikit.MappingExceptionListener - Initialising exception listener: MappingExceptionListener{statusCode=400, exceptions=[org.mule.module.apikit.exception.BadRequestException]}
2018-01-09 15:46:26,267 [main] INFO  org.mule.processor.SedaStageLifecycleManager - Initialising service: orchard_new-main.stage1
2018-01-09 15:46:26,267 [main] INFO  org.mule.construct.FlowConstructLifecycleManager - Initialising flow: orchard_new-console
2018-01-09 15:46:26,267 [main] INFO  org.mule.exception.DefaultMessagingExceptionStrategy - Initialising exception listener: org.mule.exception.DefaultMessagingExceptionStrategy@236fdf
2018-01-09 15:46:26,267 [main] INFO  org.mule.processor.SedaStageLifecycleManager - Initialising service: orchard_new-console.stage1
2018-01-09 15:46:26,267 [main] INFO  org.mule.construct.FlowConstructLifecycleManager - Initialising flow: get:/Orchard/leads:orchard_new-config
2018-01-09 15:46:26,267 [main] INFO  org.mule.exception.DefaultMessagingExceptionStrategy - Initialising exception listener: org.mule.exception.DefaultMessagingExceptionStrategy@1e1237ab
2018-01-09 15:46:26,267 [main] INFO  org.mule.processor.SedaStageLifecycleManager - Initialising service: get:/Orchard/leads:orchard_new-config.stage1
2018-01-09 15:46:26,267 [main] INFO  org.mule.construct.FlowConstructLifecycleManager - Initialising flow: get:/Orchard/minds:orchard_new-config
2018-01-09 15:46:26,267 [main] INFO  org.mule.exception.DefaultMessagingExceptionStrategy - Initialising exception listener: org.mule.exception.DefaultMessagingExceptionStrategy@415a3f6a
2018-01-09 15:46:26,283 [main] INFO  org.mule.processor.SedaStageLifecycleManager - Initialising service: get:/Orchard/minds:orchard_new-config.stage1
2018-01-09 15:46:26,283 [main] INFO  org.mule.construct.FlowConstructLifecycleManager - Initialising flow: get:/Orchard/track:orchard_new-config
2018-01-09 15:46:26,283 [main] INFO  org.mule.exception.DefaultMessagingExceptionStrategy - Initialising exception listener: org.mule.exception.DefaultMessagingExceptionStrategy@e5c2463
2018-01-09 15:46:26,283 [main] INFO  org.mule.processor.SedaStageLifecycleManager - Initialising service: get:/Orchard/track:orchard_new-config.stage1
2018-01-09 15:46:26,283 [main] INFO  org.mule.construct.FlowConstructLifecycleManager - Initialising flow: post:/Orchard/leads:orchard_new-config
2018-01-09 15:46:26,283 [main] INFO  org.mule.exception.DefaultMessagingExceptionStrategy - Initialising exception listener: org.mule.exception.DefaultMessagingExceptionStrategy@4315c28c
2018-01-09 15:46:26,283 [main] INFO  org.mule.processor.SedaStageLifecycleManager - Initialising service: post:/Orchard/leads:orchard_new-config.stage1
2018-01-09 15:46:26,283 [main] INFO  org.mule.construct.FlowConstructLifecycleManager - Initialising flow: post:/Orchard/minds:orchard_new-config
2018-01-09 15:46:26,283 [main] INFO  org.mule.exception.DefaultMessagingExceptionStrategy - Initialising exception listener: org.mule.exception.DefaultMessagingExceptionStrategy@71560f51
2018-01-09 15:46:26,283 [main] INFO  org.mule.processor.SedaStageLifecycleManager - Initialising service: post:/Orchard/minds:orchard_new-config.stage1
2018-01-09 15:46:26,283 [main] INFO  org.mule.construct.FlowConstructLifecycleManager - Initialising flow: post:/Orchard/track:orchard_new-config
2018-01-09 15:46:26,283 [main] INFO  org.mule.exception.DefaultMessagingExceptionStrategy - Initialising exception listener: org.mule.exception.DefaultMessagingExceptionStrategy@79afa369
2018-01-09 15:46:26,299 [main] INFO  org.mule.processor.SedaStageLifecycleManager - Initialising service: post:/Orchard/track:orchard_new-config.stage1
2018-01-09 15:46:26,625 [main] INFO  org.mule.module.apikit.Configuration - Building resource URI cache...
2018-01-09 15:46:26,683 [main] INFO  org.mule.config.spring.SpringXmlConfigurationBuilder - Configured Mule using "org.mule.config.spring.SpringXmlConfigurationBuilder" with configuration resource(s): "[ConfigResource{resourceName='C:\Users\EAI\AnypointStudio\workspace\.mule\apps\Orchard_new\basicJavaComponent.xml'}, ConfigResource{resourceName='C:\Users\EAI\AnypointStudio\workspace\.mule\apps\Orchard_new\implementation.xml'}, ConfigResource{resourceName='C:\Users\EAI\AnypointStudio\workspace\.mule\apps\Orchard_new\orchard_new.xml'}]"
2018-01-09 15:46:26,684 [main] INFO  org.mule.config.builders.AutoConfigurationBuilder - Configured Mule using "org.mule.config.builders.AutoConfigurationBuilder" with configuration resource(s): "[ConfigResource{resourceName='C:\Users\EAI\AnypointStudio\workspace\.mule\apps\Orchard_new\basicJavaComponent.xml'}, ConfigResource{resourceName='C:\Users\EAI\AnypointStudio\workspace\.mule\apps\Orchard_new\implementation.xml'}, ConfigResource{resourceName='C:\Users\EAI\AnypointStudio\workspace\.mule\apps\Orchard_new\orchard_new.xml'}]"
2018-01-09 15:46:29,721 [main] INFO  org.mule.module.launcher.application.DefaultMuleApplication - 
++++++++++++++++++++++++++++++++++++++++++++++++++++++++++++
+ Starting app 'Orchard_new'                               +
++++++++++++++++++++++++++++++++++++++++++++++++++++++++++++
2018-01-09 15:46:29,725 [main] INFO  org.mule.util.queue.QueueXaResourceManager - Starting ResourceManager
2018-01-09 15:46:29,725 [main] INFO  org.mule.util.queue.QueueXaResourceManager - Started ResourceManager
2018-01-09 15:46:29,803 [main] INFO  org.mule.module.http.internal.listener.DefaultHttpListenerConfig - Listening for requests on http://0.0.0.0:8012/Orchard
2018-01-09 15:46:29,803 [main] INFO  org.mule.module.http.internal.listener.DefaultHttpListenerConfig - Listening for requests on http://0.0.0.0:8989/Orchard
2018-01-09 15:46:29,818 [main] INFO  org.mule.module.http.internal.listener.DefaultHttpListenerConfig - Listening for requests on http://0.0.0.0:8011/orchard
2018-01-09 15:46:29,818 [main] INFO  org.mule.module.http.internal.listener.DefaultHttpListenerConfig - Listening for requests on http://localhost:6969/orchard
2018-01-09 15:46:29,818 [main] INFO  org.mule.module.http.internal.listener.DefaultHttpListenerConfig - Listening for requests on http://0.0.0.0:8081
2018-01-09 15:46:29,834 [main] INFO  org.mule.modules.oauth2.provider.agents.DefaultSplashScreenAgent - 
++++++++++++++++++++++++++++++++++++++++++++++++++++++++++++++++++++++++++++++++
+ DevKit Extensions (0) used in this application 
                             +
++++++++++++++++++++++++++++++++++++++++++++++++++++++++++++++++++++++++++++++++
2018-01-09 15:46:29,834 [main] INFO  org.mule.lifecycle.AbstractLifecycleManager - Starting model: _muleSystemModel
2018-01-09 15:46:29,834 [main] INFO  org.mule.construct.FlowConstructLifecycleManager - Starting flow: jjFlow
2018-01-09 15:46:29,834 [main] INFO  org.mule.processor.SedaStageLifecycleManager - Starting service: jjFlow.stage1
2018-01-09 15:46:29,834 [main] INFO  org.mule.component.ComponentLifecycleManager - Starting component: component.2106609649
2018-01-09 15:46:29,834 [main] INFO  org.mule.construct.FlowConstructLifecycleManager - Starting flow: second-flow
2018-01-09 15:46:29,834 [main] INFO  org.mule.processor.SedaStageLifecycleManager - Starting service: second-flow.stage1
2018-01-09 15:46:29,849 [main] INFO  org.mule.construct.FlowConstructLifecycleManager - Starting flow: getMinds
2018-01-09 15:46:29,849 [main] INFO  org.mule.processor.SedaStageLifecycleManager - Starting service: getMinds.stage1
2018-01-09 15:46:29,849 [main] INFO  org.mule.construct.FlowConstructLifecycleManager - Starting flow: PostMinds
2018-01-09 15:46:29,849 [main] INFO  org.mule.processor.SedaStageLifecycleManager - Starting service: PostMinds.stage1
2018-01-09 15:46:29,849 [main] INFO  org.mule.construct.FlowConstructLifecycleManager - Starting flow: GetLeads
2018-01-09 15:46:29,849 [main] INFO  org.mule.processor.SedaStageLifecycleManager - Starting service: GetLeads.stage1
2018-01-09 15:46:29,849 [main] INFO  org.mule.construct.FlowConstructLifecycleManager - Starting flow: postLeads
2018-01-09 15:46:29,849 [main] INFO  org.mule.processor.SedaStageLifecycleManager - Starting service: postLeads.stage1
2018-01-09 15:46:29,849 [main] INFO  org.mule.construct.FlowConstructLifecycleManager - Starting flow: getTracks
2018-01-09 15:46:29,849 [main] INFO  org.mule.processor.SedaStageLifecycleManager - Starting service: getTracks.stage1
2018-01-09 15:46:29,849 [main] INFO  org.mule.construct.FlowConstructLifecycleManager - Starting flow: PostTracks
2018-01-09 15:46:29,849 [main] INFO  org.mule.processor.SedaStageLifecycleManager - Starting service: PostTracks.stage1
2018-01-09 15:46:29,865 [main] INFO  org.mule.construct.FlowConstructLifecycleManager - Starting flow: orchard_new-main
2018-01-09 15:46:29,865 [main] INFO  org.mule.processor.SedaStageLifecycleManager - Starting service: orchard_new-main.stage1
2018-01-09 15:46:29,865 [main] INFO  org.mule.module.apikit.Configuration - 
********************************************************************************
* APIKit Console URL: http://127.0.0.1:8081/console                            *
********************************************************************************
2018-01-09 15:46:29,865 [main] INFO  org.mule.construct.FlowConstructLifecycleManager - Starting flow: orchard_new-console
2018-01-09 15:46:29,865 [main] INFO  org.mule.processor.SedaStageLifecycleManager - Starting service: orchard_new-console.stage1
2018-01-09 15:46:29,865 [main] INFO  org.mule.construct.FlowConstructLifecycleManager - Starting flow: get:/Orchard/leads:orchard_new-config
2018-01-09 15:46:29,865 [main] INFO  org.mule.processor.SedaStageLifecycleManager - Starting service: get:/Orchard/leads:orchard_new-config.stage1
2018-01-09 15:46:29,881 [main] INFO  org.mule.construct.FlowConstructLifecycleManager - Starting flow: get:/Orchard/minds:orchard_new-config
2018-01-09 15:46:29,881 [main] INFO  org.mule.processor.SedaStageLifecycleManager - Starting service: get:/Orchard/minds:orchard_new-config.stage1
2018-01-09 15:46:29,881 [main] INFO  org.mule.construct.FlowConstructLifecycleManager - Starting flow: get:/Orchard/track:orchard_new-config
2018-01-09 15:46:29,881 [main] INFO  org.mule.processor.SedaStageLifecycleManager - Starting service: get:/Orchard/track:orchard_new-config.stage1
2018-01-09 15:46:29,881 [main] INFO  org.mule.construct.FlowConstructLifecycleManager - Starting flow: post:/Orchard/leads:orchard_new-config
2018-01-09 15:46:29,881 [main] INFO  org.mule.processor.SedaStageLifecycleManager - Starting service: post:/Orchard/leads:orchard_new-config.stage1
2018-01-09 15:46:29,896 [main] INFO  org.mule.construct.FlowConstructLifecycleManager - Starting flow: post:/Orchard/minds:orchard_new-config
2018-01-09 15:46:29,896 [main] INFO  org.mule.processor.SedaStageLifecycleManager - Starting service: post:/Orchard/minds:orchard_new-config.stage1
2018-01-09 15:46:29,896 [main] INFO  org.mule.construct.FlowConstructLifecycleManager - Starting flow: post:/Orchard/track:orchard_new-config
2018-01-09 15:46:29,896 [main] INFO  org.mule.processor.SedaStageLifecycleManager - Starting service: post:/Orchard/track:orchard_new-config.stage1
2018-01-09 15:46:29,990 [main] INFO  org.mule.module.management.agent.WrapperManagerAgent - This JVM hasn't been launched by the wrapper, the agent will not run.
2018-01-09 15:46:30,037 [main] INFO  org.mule.DefaultMuleContext - 
**********************************************************************
* Application: Orchard_new                                           *
* OS encoding: \, Mule encoding: UTF-8                               *
*                                                                    *
* Agents Running:                                                    *
*   DevKit Extension Information                                     *
*   JMX Agent                                                        *
*   Batch module default engine                                      *
*   Wrapper Manager                                                  *
**********************************************************************
2018-01-09 15:47:40,384 [Mule.app.deployer.monitor.1.thread.1] INFO  org.mule.module.launcher.application.DefaultMuleApplication - 
++++++++++++++++++++++++++++++++++++++++++++++++++++++++++++
+ Stopping app 'Orchard_new'                               +
++++++++++++++++++++++++++++++++++++++++++++++++++++++++++++
2018-01-09 15:47:40,384 [Mule.app.deployer.monitor.1.thread.1] INFO  org.mule.construct.FlowConstructLifecycleManager - Stopping flow: jjFlow
2018-01-09 15:47:40,400 [Mule.app.deployer.monitor.1.thread.1] INFO  org.mule.processor.SedaStageLifecycleManager - Stopping service: jjFlow.stage1
2018-01-09 15:47:40,575 [Mule.app.deployer.monitor.1.thread.1] INFO  org.mule.component.ComponentLifecycleManager - Stopping component: component.2106609649
2018-01-09 15:47:40,575 [Mule.app.deployer.monitor.1.thread.1] INFO  org.mule.construct.FlowConstructLifecycleManager - Stopping flow: second-flow
2018-01-09 15:47:40,575 [Mule.app.deployer.monitor.1.thread.1] INFO  org.mule.processor.SedaStageLifecycleManager - Stopping service: second-flow.stage1
2018-01-09 15:47:40,784 [Mule.app.deployer.monitor.1.thread.1] INFO  org.mule.construct.FlowConstructLifecycleManager - Stopping flow: getMinds
2018-01-09 15:47:40,784 [Mule.app.deployer.monitor.1.thread.1] INFO  org.mule.processor.SedaStageLifecycleManager - Stopping service: getMinds.stage1
2018-01-09 15:47:40,990 [Mule.app.deployer.monitor.1.thread.1] INFO  org.mule.construct.FlowConstructLifecycleManager - Stopping flow: PostMinds
2018-01-09 15:47:40,990 [Mule.app.deployer.monitor.1.thread.1] INFO  org.mule.processor.SedaStageLifecycleManager - Stopping service: PostMinds.stage1
2018-01-09 15:47:41,201 [Mule.app.deployer.monitor.1.thread.1] INFO  org.mule.construct.FlowConstructLifecycleManager - Stopping flow: GetLeads
2018-01-09 15:47:41,201 [Mule.app.deployer.monitor.1.thread.1] INFO  org.mule.processor.SedaStageLifecycleManager - Stopping service: GetLeads.stage1
2018-01-09 15:47:41,412 [Mule.app.deployer.monitor.1.thread.1] INFO  org.mule.construct.FlowConstructLifecycleManager - Stopping flow: postLeads
2018-01-09 15:47:41,412 [Mule.app.deployer.monitor.1.thread.1] INFO  org.mule.processor.SedaStageLifecycleManager - Stopping service: postLeads.stage1
2018-01-09 15:47:41,623 [Mule.app.deployer.monitor.1.thread.1] INFO  org.mule.construct.FlowConstructLifecycleManager - Stopping flow: getTracks
2018-01-09 15:47:41,623 [Mule.app.deployer.monitor.1.thread.1] INFO  org.mule.processor.SedaStageLifecycleManager - Stopping service: getTracks.stage1
2018-01-09 15:47:41,830 [Mule.app.deployer.monitor.1.thread.1] INFO  org.mule.construct.FlowConstructLifecycleManager - Stopping flow: PostTracks
2018-01-09 15:47:41,830 [Mule.app.deployer.monitor.1.thread.1] INFO  org.mule.processor.SedaStageLifecycleManager - Stopping service: PostTracks.stage1
2018-01-09 15:47:42,045 [Mule.app.deployer.monitor.1.thread.1] INFO  org.mule.construct.FlowConstructLifecycleManager - Stopping flow: orchard_new-main
2018-01-09 15:47:42,045 [Mule.app.deployer.monitor.1.thread.1] INFO  org.mule.processor.SedaStageLifecycleManager - Stopping service: orchard_new-main.stage1
2018-01-09 15:47:42,253 [Mule.app.deployer.monitor.1.thread.1] INFO  org.mule.construct.FlowConstructLifecycleManager - Stopping flow: orchard_new-console
2018-01-09 15:47:42,253 [Mule.app.deployer.monitor.1.thread.1] INFO  org.mule.processor.SedaStageLifecycleManager - Stopping service: orchard_new-console.stage1
2018-01-09 15:47:42,460 [Mule.app.deployer.monitor.1.thread.1] INFO  org.mule.construct.FlowConstructLifecycleManager - Stopping flow: get:/Orchard/leads:orchard_new-config
2018-01-09 15:47:42,460 [Mule.app.deployer.monitor.1.thread.1] INFO  org.mule.processor.SedaStageLifecycleManager - Stopping service: get:/Orchard/leads:orchard_new-config.stage1
2018-01-09 15:47:42,669 [Mule.app.deployer.monitor.1.thread.1] INFO  org.mule.construct.FlowConstructLifecycleManager - Stopping flow: get:/Orchard/minds:orchard_new-config
2018-01-09 15:47:42,669 [Mule.app.deployer.monitor.1.thread.1] INFO  org.mule.processor.SedaStageLifecycleManager - Stopping service: get:/Orchard/minds:orchard_new-config.stage1
2018-01-09 15:47:42,877 [Mule.app.deployer.monitor.1.thread.1] INFO  org.mule.construct.FlowConstructLifecycleManager - Stopping flow: get:/Orchard/track:orchard_new-config
2018-01-09 15:47:42,877 [Mule.app.deployer.monitor.1.thread.1] INFO  org.mule.processor.SedaStageLifecycleManager - Stopping service: get:/Orchard/track:orchard_new-config.stage1
2018-01-09 15:47:43,092 [Mule.app.deployer.monitor.1.thread.1] INFO  org.mule.construct.FlowConstructLifecycleManager - Stopping flow: post:/Orchard/leads:orchard_new-config
2018-01-09 15:47:43,092 [Mule.app.deployer.monitor.1.thread.1] INFO  org.mule.processor.SedaStageLifecycleManager - Stopping service: post:/Orchard/leads:orchard_new-config.stage1
2018-01-09 15:47:43,299 [Mule.app.deployer.monitor.1.thread.1] INFO  org.mule.construct.FlowConstructLifecycleManager - Stopping flow: post:/Orchard/minds:orchard_new-config
2018-01-09 15:47:43,299 [Mule.app.deployer.monitor.1.thread.1] INFO  org.mule.processor.SedaStageLifecycleManager - Stopping service: post:/Orchard/minds:orchard_new-config.stage1
2018-01-09 15:47:43,330 [Mule.app.deployer.monitor.1.thread.1] INFO  org.mule.construct.FlowConstructLifecycleManager - Stopping flow: post:/Orchard/track:orchard_new-config
2018-01-09 15:47:43,330 [Mule.app.deployer.monitor.1.thread.1] INFO  org.mule.processor.SedaStageLifecycleManager - Stopping service: post:/Orchard/track:orchard_new-config.stage1
2018-01-09 15:47:43,545 [Mule.app.deployer.monitor.1.thread.1] INFO  org.mule.lifecycle.AbstractLifecycleManager - Stopping model: _muleSystemModel
2018-01-09 15:47:43,551 [Mule.app.deployer.monitor.1.thread.1] INFO  org.mule.module.http.internal.listener.DefaultHttpListenerConfig - Stopped listener on http://0.0.0.0:8012/Orchard
2018-01-09 15:47:43,551 [Mule.app.deployer.monitor.1.thread.1] INFO  org.mule.module.http.internal.listener.DefaultHttpListenerConfig - Stopped listener on http://0.0.0.0:8989/Orchard
2018-01-09 15:47:43,567 [Mule.app.deployer.monitor.1.thread.1] INFO  org.mule.module.http.internal.listener.DefaultHttpListenerConfig - Stopped listener on http://0.0.0.0:8011/orchard
2018-01-09 15:47:43,567 [Mule.app.deployer.monitor.1.thread.1] INFO  org.mule.module.http.internal.listener.DefaultHttpListenerConfig - Stopped listener on http://localhost:6969/orchard
2018-01-09 15:47:43,567 [Mule.app.deployer.monitor.1.thread.1] INFO  org.mule.module.http.internal.listener.DefaultHttpListenerConfig - Stopped listener on http://0.0.0.0:8081
2018-01-09 15:47:43,567 [Mule.app.deployer.monitor.1.thread.1] INFO  org.mule.util.queue.QueueXaResourceManager - Stopping ResourceManager
2018-01-09 15:47:43,567 [Mule.app.deployer.monitor.1.thread.1] INFO  org.mule.util.queue.QueueXaResourceManager - Stopped ResourceManager
2018-01-09 15:47:43,567 [Mule.app.deployer.monitor.1.thread.1] INFO  org.mule.module.launcher.application.DefaultMuleApplication - 
++++++++++++++++++++++++++++++++++++++++++++++++++++++++++++
+ Disposing app 'Orchard_new'                              +
++++++++++++++++++++++++++++++++++++++++++++++++++++++++++++
2018-01-09 15:47:43,567 [Mule.app.deployer.monitor.1.thread.1] INFO  org.mule.lifecycle.AbstractLifecycleManager - Disposing RegistryBroker
2018-01-09 15:47:43,567 [Mule.app.deployer.monitor.1.thread.1] INFO  org.mule.construct.FlowConstructLifecycleManager - Disposing flow: jjFlow
2018-01-09 15:47:43,567 [Mule.app.deployer.monitor.1.thread.1] INFO  org.mule.processor.SedaStageLifecycleManager - Disposing service: jjFlow.stage1
2018-01-09 15:47:43,582 [Mule.app.deployer.monitor.1.thread.1] INFO  org.mule.component.ComponentLifecycleManager - Disposing component: component.2106609649
2018-01-09 15:47:43,582 [Mule.app.deployer.monitor.1.thread.1] INFO  org.mule.construct.FlowConstructLifecycleManager - Disposing flow: second-flow
2018-01-09 15:47:43,582 [Mule.app.deployer.monitor.1.thread.1] INFO  org.mule.processor.SedaStageLifecycleManager - Disposing service: second-flow.stage1
2018-01-09 15:47:43,582 [Mule.app.deployer.monitor.1.thread.1] INFO  org.mule.construct.FlowConstructLifecycleManager - Disposing flow: getMinds
2018-01-09 15:47:43,582 [Mule.app.deployer.monitor.1.thread.1] INFO  org.mule.processor.SedaStageLifecycleManager - Disposing service: getMinds.stage1
2018-01-09 15:47:43,582 [Mule.app.deployer.monitor.1.thread.1] INFO  org.mule.construct.FlowConstructLifecycleManager - Disposing flow: PostMinds
2018-01-09 15:47:43,582 [Mule.app.deployer.monitor.1.thread.1] INFO  org.mule.processor.SedaStageLifecycleManager - Disposing service: PostMinds.stage1
2018-01-09 15:47:43,582 [Mule.app.deployer.monitor.1.thread.1] INFO  org.mule.construct.FlowConstructLifecycleManager - Disposing flow: GetLeads
2018-01-09 15:47:43,582 [Mule.app.deployer.monitor.1.thread.1] INFO  org.mule.processor.SedaStageLifecycleManager - Disposing service: GetLeads.stage1
2018-01-09 15:47:43,582 [Mule.app.deployer.monitor.1.thread.1] INFO  org.mule.construct.FlowConstructLifecycleManager - Disposing flow: postLeads
2018-01-09 15:47:43,582 [Mule.app.deployer.monitor.1.thread.1] INFO  org.mule.processor.SedaStageLifecycleManager - Disposing service: postLeads.stage1
2018-01-09 15:47:43,582 [Mule.app.deployer.monitor.1.thread.1] INFO  org.mule.construct.FlowConstructLifecycleManager - Disposing flow: getTracks
2018-01-09 15:47:43,582 [Mule.app.deployer.monitor.1.thread.1] INFO  org.mule.processor.SedaStageLifecycleManager - Disposing service: getTracks.stage1
2018-01-09 15:47:43,582 [Mule.app.deployer.monitor.1.thread.1] INFO  org.mule.construct.FlowConstructLifecycleManager - Disposing flow: PostTracks
2018-01-09 15:47:43,582 [Mule.app.deployer.monitor.1.thread.1] INFO  org.mule.processor.SedaStageLifecycleManager - Disposing service: PostTracks.stage1
2018-01-09 15:47:43,582 [Mule.app.deployer.monitor.1.thread.1] INFO  org.mule.construct.FlowConstructLifecycleManager - Disposing flow: orchard_new-main
2018-01-09 15:47:43,582 [Mule.app.deployer.monitor.1.thread.1] INFO  org.mule.processor.SedaStageLifecycleManager - Disposing service: orchard_new-main.stage1
2018-01-09 15:47:43,582 [Mule.app.deployer.monitor.1.thread.1] INFO  org.mule.construct.FlowConstructLifecycleManager - Disposing flow: orchard_new-console
2018-01-09 15:47:43,582 [Mule.app.deployer.monitor.1.thread.1] INFO  org.mule.processor.SedaStageLifecycleManager - Disposing service: orchard_new-console.stage1
2018-01-09 15:47:43,582 [Mule.app.deployer.monitor.1.thread.1] INFO  org.mule.construct.FlowConstructLifecycleManager - Disposing flow: get:/Orchard/leads:orchard_new-config
2018-01-09 15:47:43,582 [Mule.app.deployer.monitor.1.thread.1] INFO  org.mule.processor.SedaStageLifecycleManager - Disposing service: get:/Orchard/leads:orchard_new-config.stage1
2018-01-09 15:47:43,582 [Mule.app.deployer.monitor.1.thread.1] INFO  org.mule.construct.FlowConstructLifecycleManager - Disposing flow: get:/Orchard/minds:orchard_new-config
2018-01-09 15:47:43,582 [Mule.app.deployer.monitor.1.thread.1] INFO  org.mule.processor.SedaStageLifecycleManager - Disposing service: get:/Orchard/minds:orchard_new-config.stage1
2018-01-09 15:47:43,582 [Mule.app.deployer.monitor.1.thread.1] INFO  org.mule.construct.FlowConstructLifecycleManager - Disposing flow: get:/Orchard/track:orchard_new-config
2018-01-09 15:47:43,582 [Mule.app.deployer.monitor.1.thread.1] INFO  org.mule.processor.SedaStageLifecycleManager - Disposing service: get:/Orchard/track:orchard_new-config.stage1
2018-01-09 15:47:43,582 [Mule.app.deployer.monitor.1.thread.1] INFO  org.mule.construct.FlowConstructLifecycleManager - Disposing flow: post:/Orchard/leads:orchard_new-config
2018-01-09 15:47:43,582 [Mule.app.deployer.monitor.1.thread.1] INFO  org.mule.processor.SedaStageLifecycleManager - Disposing service: post:/Orchard/leads:orchard_new-config.stage1
2018-01-09 15:47:43,582 [Mule.app.deployer.monitor.1.thread.1] INFO  org.mule.construct.FlowConstructLifecycleManager - Disposing flow: post:/Orchard/minds:orchard_new-config
2018-01-09 15:47:43,582 [Mule.app.deployer.monitor.1.thread.1] INFO  org.mule.processor.SedaStageLifecycleManager - Disposing service: post:/Orchard/minds:orchard_new-config.stage1
2018-01-09 15:47:43,582 [Mule.app.deployer.monitor.1.thread.1] INFO  org.mule.construct.FlowConstructLifecycleManager - Disposing flow: post:/Orchard/track:orchard_new-config
2018-01-09 15:47:43,582 [Mule.app.deployer.monitor.1.thread.1] INFO  org.mule.processor.SedaStageLifecycleManager - Disposing service: post:/Orchard/track:orchard_new-config.stage1
2018-01-09 15:47:43,582 [Mule.app.deployer.monitor.1.thread.1] INFO  org.mule.lifecycle.AbstractLifecycleManager - Disposing model: _muleSystemModel
2018-01-09 15:47:43,703 [Mule.app.deployer.monitor.1.thread.1] INFO  org.mule.config.spring.MuleArtifactContext - Closing org.mule.config.spring.MuleArtifactContext@245a26e1: startup date [Tue Jan 09 15:46:22 IST 2018]; root of context hierarchy
2018-01-09 15:47:43,752 [Mule.app.deployer.monitor.1.thread.1] INFO  org.mule.DefaultMuleContext - 
**********************************************************************
* Application "Orchard_new" shut down normally on: 1/9/18 3:47 PM    *
* Up for: 0 days, 0 hours, 1 mins, 14.31 sec                         *
**********************************************************************
2018-01-09 15:47:43,799 [Mule.app.deployer.monitor.1.thread.1] WARN  org.mule.module.launcher.artifact.DefaultResourceReleaser - Unable to shutdown MySql's AbandonedConnectionCleanupThread
java.lang.ClassNotFoundException: com.mysql.jdbc.AbandonedConnectionCleanupThread
	at java.net.URLClassLoader.findClass(Unknown Source) ~[?:1.8.0_102]
	at org.mule.module.launcher.FineGrainedControlClassLoader.findClass(FineGrainedControlClassLoader.java:181) ~[mule-module-launcher-3.8.5.jar:3.8.5]
	at org.mule.module.launcher.MuleApplicationClassLoader.findClass(MuleApplicationClassLoader.java:138) ~[mule-module-launcher-3.8.5.jar:3.8.5]
	at org.mule.module.launcher.FineGrainedControlClassLoader.loadClass(FineGrainedControlClassLoader.java:117) ~[mule-module-launcher-3.8.5.jar:3.8.5]
	at java.lang.ClassLoader.loadClass(Unknown Source) ~[?:1.8.0_102]
	at org.mule.module.launcher.artifact.DefaultResourceReleaser.shutdownMySqlAbandonedConnectionCleanupThread(DefaultResourceReleaser.java:197) ~[mule-module-launcher-3.8.5.jar:3.8.5]
	at org.mule.module.launcher.artifact.DefaultResourceReleaser.doDeregisterDriver(DefaultResourceReleaser.java:133) ~[mule-module-launcher-3.8.5.jar:3.8.5]
	at org.mule.module.launcher.artifact.DefaultResourceReleaser.deregisterJdbcDrivers(DefaultResourceReleaser.java:84) ~[mule-module-launcher-3.8.5.jar:3.8.5]
	at org.mule.module.launcher.artifact.DefaultResourceReleaser.release(DefaultResourceReleaser.java:38) ~[mule-module-launcher-3.8.5.jar:3.8.5]
	at org.mule.module.launcher.artifact.AbstractArtifactClassLoader.dispose(AbstractArtifactClassLoader.java:67) ~[mule-module-launcher-3.8.5.jar:3.8.5]
	at org.mule.module.launcher.application.CompositeApplicationClassLoader.dispose(CompositeApplicationClassLoader.java:285) ~[mule-module-launcher-3.8.5.jar:3.8.5]
	at org.mule.module.launcher.application.DefaultMuleApplication.dispose(DefaultMuleApplication.java:310) ~[mule-module-launcher-3.8.5.jar:3.8.5]
	at org.mule.module.launcher.artifact.ArtifactWrapper$1.execute(ArtifactWrapper.java:40) ~[mule-module-launcher-3.8.5.jar:3.8.5]
	at org.mule.module.launcher.artifact.ArtifactWrapper.executeWithinArtifactClassLoader(ArtifactWrapper.java:136) ~[mule-module-launcher-3.8.5.jar:3.8.5]
	at org.mule.module.launcher.artifact.ArtifactWrapper.dispose(ArtifactWrapper.java:35) ~[mule-module-launcher-3.8.5.jar:3.8.5]
	at org.mule.module.launcher.DefaultArtifactDeployer.tryToDisposeArtifact(DefaultArtifactDeployer.java:65) ~[mule-module-launcher-3.8.5.jar:3.8.5]
	at org.mule.module.launcher.DefaultArtifactDeployer.undeploy(DefaultArtifactDeployer.java:47) ~[mule-module-launcher-3.8.5.jar:3.8.5]
	at org.mule.module.launcher.DefaultArchiveDeployer.redeploy(DefaultArchiveDeployer.java:458) ~[mule-module-launcher-3.8.5.jar:3.8.5]
	at org.mule.module.launcher.DeploymentDirectoryWatcher.redeployModifiedArtifacts(DeploymentDirectoryWatcher.java:562) ~[mule-module-launcher-3.8.5.jar:3.8.5]
	at org.mule.module.launcher.DeploymentDirectoryWatcher.redeployModifiedApplications(DeploymentDirectoryWatcher.java:539) ~[mule-module-launcher-3.8.5.jar:3.8.5]
	at org.mule.module.launcher.DeploymentDirectoryWatcher.run(DeploymentDirectoryWatcher.java:352) ~[mule-module-launcher-3.8.5.jar:3.8.5]
	at java.util.concurrent.Executors$RunnableAdapter.call(Unknown Source) ~[?:1.8.0_102]
	at java.util.concurrent.FutureTask.runAndReset(Unknown Source) ~[?:1.8.0_102]
	at java.util.concurrent.ScheduledThreadPoolExecutor$ScheduledFutureTask.access$301(Unknown Source) ~[?:1.8.0_102]
	at java.util.concurrent.ScheduledThreadPoolExecutor$ScheduledFutureTask.run(Unknown Source) ~[?:1.8.0_102]
	at java.util.concurrent.ThreadPoolExecutor.runWorker(Unknown Source) [?:1.8.0_102]
	at java.util.concurrent.ThreadPoolExecutor$Worker.run(Unknown Source) [?:1.8.0_102]
	at java.lang.Thread.run(Unknown Source) [?:1.8.0_102]
2018-01-09 15:47:43,846 [Mule.app.deployer.monitor.1.thread.1] INFO  org.mule.module.launcher.application.DefaultMuleApplication - 
++++++++++++++++++++++++++++++++++++++++++++++++++++++++++++
+ Initializing app 'Orchard_new'                           +
++++++++++++++++++++++++++++++++++++++++++++++++++++++++++++
2018-01-09 15:47:43,846 [Mule.app.deployer.monitor.1.thread.1] WARN  com.mulesoft.module.client.APIPlatformClientCoreExtension - Client ID or Client Secret were not provided. API Manager client is DISABLED for app Orchard_new
2018-01-09 15:47:43,861 [Mule.app.deployer.monitor.1.thread.1] INFO  org.mule.lifecycle.AbstractLifecycleManager - Initialising RegistryBroker
2018-01-09 15:47:43,861 [Mule.app.deployer.monitor.1.thread.1] INFO  org.mule.module.extension.internal.manager.DefaultExtensionManager - Starting discovery of extensions
2018-01-09 15:47:43,861 [Mule.app.deployer.monitor.1.thread.1] INFO  org.mule.module.extension.internal.manager.DefaultExtensionManager - Discovered 1 extensions
2018-01-09 15:47:43,861 [Mule.app.deployer.monitor.1.thread.1] INFO  org.mule.module.extension.internal.manager.DefaultExtensionManager - Registering extension validation (version 3.8)
2018-01-09 15:47:43,877 [Mule.app.deployer.monitor.1.thread.1] INFO  org.mule.config.spring.MuleArtifactContext - Refreshing org.mule.config.spring.MuleArtifactContext@52bd859: startup date [Tue Jan 09 15:47:43 IST 2018]; root of context hierarchy
2018-01-09 15:47:44,184 [Mule.app.deployer.monitor.1.thread.1] INFO  org.mule.config.spring.processors.NoDevkitInjectorProcessor - JSR-330 'javax.inject.Inject' annotation found and supported for autowiring
2018-01-09 15:47:44,221 [Mule.app.deployer.monitor.1.thread.1] WARN  org.mule.expression.DefaultExpressionManager - Expression string is not an expression.  Use isExpression(String) to validate first
2018-01-09 15:47:44,221 [Mule.app.deployer.monitor.1.thread.1] WARN  org.mule.expression.DefaultExpressionManager - Expression string is not an expression.  Use isExpression(String) to validate first
2018-01-09 15:47:44,221 [Mule.app.deployer.monitor.1.thread.1] WARN  org.mule.expression.DefaultExpressionManager - Expression string is not an expression.  Use isExpression(String) to validate first
2018-01-09 15:47:44,221 [Mule.app.deployer.monitor.1.thread.1] WARN  org.mule.expression.DefaultExpressionManager - Expression string is not an expression.  Use isExpression(String) to validate first
2018-01-09 15:47:44,221 [Mule.app.deployer.monitor.1.thread.1] WARN  org.mule.expression.DefaultExpressionManager - Expression string is not an expression.  Use isExpression(String) to validate first
2018-01-09 15:47:44,221 [Mule.app.deployer.monitor.1.thread.1] WARN  org.mule.expression.DefaultExpressionManager - Expression string is not an expression.  Use isExpression(String) to validate first
2018-01-09 15:47:44,221 [Mule.app.deployer.monitor.1.thread.1] WARN  org.mule.expression.DefaultExpressionManager - Expression string is not an expression.  Use isExpression(String) to validate first
2018-01-09 15:47:44,221 [Mule.app.deployer.monitor.1.thread.1] WARN  org.mule.expression.DefaultExpressionManager - Expression string is not an expression.  Use isExpression(String) to validate first
2018-01-09 15:47:44,315 [Mule.app.deployer.monitor.1.thread.1] INFO  org.mule.util.journal.TransactionJournal - Using files for tx logs C:\Users\EAI\AnypointStudio\workspace\.mule\.\.mule\Orchard_new\queue-tx-log\tx1.log and C:\Users\EAI\AnypointStudio\workspace\.mule\.\.mule\Orchard_new\queue-tx-log\tx2.log
2018-01-09 15:47:44,315 [Mule.app.deployer.monitor.1.thread.1] INFO  org.mule.util.journal.TransactionJournal - Using files for tx logs C:\Users\EAI\AnypointStudio\workspace\.mule\.\.mule\Orchard_new\queue-xa-tx-log\tx1.log and C:\Users\EAI\AnypointStudio\workspace\.mule\.\.mule\Orchard_new\queue-xa-tx-log\tx2.log
2018-01-09 15:47:44,330 [Mule.app.deployer.monitor.1.thread.1] INFO  org.mule.lifecycle.AbstractLifecycleManager - Initialising model: _muleSystemModel
2018-01-09 15:47:44,330 [Mule.app.deployer.monitor.1.thread.1] INFO  org.mule.construct.FlowConstructLifecycleManager - Initialising flow: jjFlow
2018-01-09 15:47:44,330 [Mule.app.deployer.monitor.1.thread.1] INFO  org.mule.exception.DefaultMessagingExceptionStrategy - Initialising exception listener: org.mule.exception.DefaultMessagingExceptionStrategy@6ba6d970
2018-01-09 15:47:44,330 [Mule.app.deployer.monitor.1.thread.1] INFO  org.mule.processor.SedaStageLifecycleManager - Initialising service: jjFlow.stage1
2018-01-09 15:47:44,330 [Mule.app.deployer.monitor.1.thread.1] INFO  org.mule.component.ComponentLifecycleManager - Initialising component: component.655002829
2018-01-09 15:47:44,330 [Mule.app.deployer.monitor.1.thread.1] INFO  org.mule.construct.FlowConstructLifecycleManager - Initialising flow: second-flow
2018-01-09 15:47:44,330 [Mule.app.deployer.monitor.1.thread.1] INFO  org.mule.exception.DefaultMessagingExceptionStrategy - Initialising exception listener: org.mule.exception.DefaultMessagingExceptionStrategy@5f8c789d
2018-01-09 15:47:44,346 [Mule.app.deployer.monitor.1.thread.1] INFO  org.mule.processor.SedaStageLifecycleManager - Initialising service: second-flow.stage1
2018-01-09 15:47:44,346 [Mule.app.deployer.monitor.1.thread.1] INFO  org.mule.construct.FlowConstructLifecycleManager - Initialising flow: getMinds
2018-01-09 15:47:44,346 [Mule.app.deployer.monitor.1.thread.1] INFO  org.mule.exception.DefaultMessagingExceptionStrategy - Initialising exception listener: org.mule.exception.DefaultMessagingExceptionStrategy@168c8dbd
2018-01-09 15:47:44,346 [Mule.app.deployer.monitor.1.thread.1] INFO  org.mule.processor.SedaStageLifecycleManager - Initialising service: getMinds.stage1
2018-01-09 15:47:44,346 [Mule.app.deployer.monitor.1.thread.1] INFO  org.mule.construct.FlowConstructLifecycleManager - Initialising flow: PostMinds
2018-01-09 15:47:44,346 [Mule.app.deployer.monitor.1.thread.1] INFO  org.mule.exception.DefaultMessagingExceptionStrategy - Initialising exception listener: org.mule.exception.DefaultMessagingExceptionStrategy@5802d5ff
2018-01-09 15:47:44,346 [Mule.app.deployer.monitor.1.thread.1] INFO  org.mule.processor.SedaStageLifecycleManager - Initialising service: PostMinds.stage1
2018-01-09 15:47:44,346 [Mule.app.deployer.monitor.1.thread.1] INFO  org.mule.construct.FlowConstructLifecycleManager - Initialising flow: GetLeads
2018-01-09 15:47:44,346 [Mule.app.deployer.monitor.1.thread.1] INFO  org.mule.exception.DefaultMessagingExceptionStrategy - Initialising exception listener: org.mule.exception.DefaultMessagingExceptionStrategy@42d927e
2018-01-09 15:47:44,362 [Mule.app.deployer.monitor.1.thread.1] INFO  org.mule.processor.SedaStageLifecycleManager - Initialising service: GetLeads.stage1
2018-01-09 15:47:44,362 [Mule.app.deployer.monitor.1.thread.1] INFO  org.mule.construct.FlowConstructLifecycleManager - Initialising flow: postLeads
2018-01-09 15:47:44,362 [Mule.app.deployer.monitor.1.thread.1] INFO  org.mule.exception.DefaultMessagingExceptionStrategy - Initialising exception listener: org.mule.exception.DefaultMessagingExceptionStrategy@44c8e44
2018-01-09 15:47:44,362 [Mule.app.deployer.monitor.1.thread.1] INFO  org.mule.processor.SedaStageLifecycleManager - Initialising service: postLeads.stage1
2018-01-09 15:47:44,362 [Mule.app.deployer.monitor.1.thread.1] INFO  org.mule.construct.FlowConstructLifecycleManager - Initialising flow: getTracks
2018-01-09 15:47:44,362 [Mule.app.deployer.monitor.1.thread.1] INFO  org.mule.exception.DefaultMessagingExceptionStrategy - Initialising exception listener: org.mule.exception.DefaultMessagingExceptionStrategy@10bb89ba
2018-01-09 15:47:44,362 [Mule.app.deployer.monitor.1.thread.1] INFO  org.mule.processor.SedaStageLifecycleManager - Initialising service: getTracks.stage1
2018-01-09 15:47:44,362 [Mule.app.deployer.monitor.1.thread.1] INFO  org.mule.construct.FlowConstructLifecycleManager - Initialising flow: PostTracks
2018-01-09 15:47:44,362 [Mule.app.deployer.monitor.1.thread.1] INFO  org.mule.exception.DefaultMessagingExceptionStrategy - Initialising exception listener: org.mule.exception.DefaultMessagingExceptionStrategy@605caf8b
2018-01-09 15:47:44,377 [Mule.app.deployer.monitor.1.thread.1] INFO  org.mule.processor.SedaStageLifecycleManager - Initialising service: PostTracks.stage1
2018-01-09 15:47:44,377 [Mule.app.deployer.monitor.1.thread.1] INFO  org.mule.construct.FlowConstructLifecycleManager - Initialising flow: orchard_new-main
2018-01-09 15:47:44,377 [Mule.app.deployer.monitor.1.thread.1] INFO  org.mule.module.apikit.MappingExceptionListener - Initialising exception listener: MappingExceptionListener{statusCode=404, exceptions=[org.mule.module.apikit.exception.NotFoundException]}
2018-01-09 15:47:44,377 [Mule.app.deployer.monitor.1.thread.1] INFO  org.mule.module.apikit.MappingExceptionListener - Initialising exception listener: MappingExceptionListener{statusCode=405, exceptions=[org.mule.module.apikit.exception.MethodNotAllowedException]}
2018-01-09 15:47:44,377 [Mule.app.deployer.monitor.1.thread.1] INFO  org.mule.module.apikit.MappingExceptionListener - Initialising exception listener: MappingExceptionListener{statusCode=415, exceptions=[org.mule.module.apikit.exception.UnsupportedMediaTypeException]}
2018-01-09 15:47:44,377 [Mule.app.deployer.monitor.1.thread.1] INFO  org.mule.module.apikit.MappingExceptionListener - Initialising exception listener: MappingExceptionListener{statusCode=406, exceptions=[org.mule.module.apikit.exception.NotAcceptableException]}
2018-01-09 15:47:44,377 [Mule.app.deployer.monitor.1.thread.1] INFO  org.mule.module.apikit.MappingExceptionListener - Initialising exception listener: MappingExceptionListener{statusCode=400, exceptions=[org.mule.module.apikit.exception.BadRequestException]}
2018-01-09 15:47:44,377 [Mule.app.deployer.monitor.1.thread.1] INFO  org.mule.processor.SedaStageLifecycleManager - Initialising service: orchard_new-main.stage1
2018-01-09 15:47:44,377 [Mule.app.deployer.monitor.1.thread.1] INFO  org.mule.construct.FlowConstructLifecycleManager - Initialising flow: orchard_new-console
2018-01-09 15:47:44,377 [Mule.app.deployer.monitor.1.thread.1] INFO  org.mule.exception.DefaultMessagingExceptionStrategy - Initialising exception listener: org.mule.exception.DefaultMessagingExceptionStrategy@3411fc4d
2018-01-09 15:47:44,377 [Mule.app.deployer.monitor.1.thread.1] INFO  org.mule.processor.SedaStageLifecycleManager - Initialising service: orchard_new-console.stage1
2018-01-09 15:47:44,393 [Mule.app.deployer.monitor.1.thread.1] INFO  org.mule.construct.FlowConstructLifecycleManager - Initialising flow: get:/Orchard/leads:orchard_new-config
2018-01-09 15:47:44,393 [Mule.app.deployer.monitor.1.thread.1] INFO  org.mule.exception.DefaultMessagingExceptionStrategy - Initialising exception listener: org.mule.exception.DefaultMessagingExceptionStrategy@57b3758e
2018-01-09 15:47:44,396 [Mule.app.deployer.monitor.1.thread.1] INFO  org.mule.processor.SedaStageLifecycleManager - Initialising service: get:/Orchard/leads:orchard_new-config.stage1
2018-01-09 15:47:44,396 [Mule.app.deployer.monitor.1.thread.1] INFO  org.mule.construct.FlowConstructLifecycleManager - Initialising flow: get:/Orchard/minds:orchard_new-config
2018-01-09 15:47:44,396 [Mule.app.deployer.monitor.1.thread.1] INFO  org.mule.exception.DefaultMessagingExceptionStrategy - Initialising exception listener: org.mule.exception.DefaultMessagingExceptionStrategy@63c3c50a
2018-01-09 15:47:44,396 [Mule.app.deployer.monitor.1.thread.1] INFO  org.mule.processor.SedaStageLifecycleManager - Initialising service: get:/Orchard/minds:orchard_new-config.stage1
2018-01-09 15:47:44,396 [Mule.app.deployer.monitor.1.thread.1] INFO  org.mule.construct.FlowConstructLifecycleManager - Initialising flow: get:/Orchard/track:orchard_new-config
2018-01-09 15:47:44,396 [Mule.app.deployer.monitor.1.thread.1] INFO  org.mule.exception.DefaultMessagingExceptionStrategy - Initialising exception listener: org.mule.exception.DefaultMessagingExceptionStrategy@2e2991ba
2018-01-09 15:47:44,396 [Mule.app.deployer.monitor.1.thread.1] INFO  org.mule.processor.SedaStageLifecycleManager - Initialising service: get:/Orchard/track:orchard_new-config.stage1
2018-01-09 15:47:44,396 [Mule.app.deployer.monitor.1.thread.1] INFO  org.mule.construct.FlowConstructLifecycleManager - Initialising flow: post:/Orchard/leads:orchard_new-config
2018-01-09 15:47:44,396 [Mule.app.deployer.monitor.1.thread.1] INFO  org.mule.exception.DefaultMessagingExceptionStrategy - Initialising exception listener: org.mule.exception.DefaultMessagingExceptionStrategy@11c6374b
2018-01-09 15:47:44,396 [Mule.app.deployer.monitor.1.thread.1] INFO  org.mule.processor.SedaStageLifecycleManager - Initialising service: post:/Orchard/leads:orchard_new-config.stage1
2018-01-09 15:47:44,396 [Mule.app.deployer.monitor.1.thread.1] INFO  org.mule.construct.FlowConstructLifecycleManager - Initialising flow: post:/Orchard/minds:orchard_new-config
2018-01-09 15:47:44,396 [Mule.app.deployer.monitor.1.thread.1] INFO  org.mule.exception.DefaultMessagingExceptionStrategy - Initialising exception listener: org.mule.exception.DefaultMessagingExceptionStrategy@5f1929bd
2018-01-09 15:47:44,396 [Mule.app.deployer.monitor.1.thread.1] INFO  org.mule.processor.SedaStageLifecycleManager - Initialising service: post:/Orchard/minds:orchard_new-config.stage1
2018-01-09 15:47:44,396 [Mule.app.deployer.monitor.1.thread.1] INFO  org.mule.construct.FlowConstructLifecycleManager - Initialising flow: post:/Orchard/track:orchard_new-config
2018-01-09 15:47:44,396 [Mule.app.deployer.monitor.1.thread.1] INFO  org.mule.exception.DefaultMessagingExceptionStrategy - Initialising exception listener: org.mule.exception.DefaultMessagingExceptionStrategy@58e8b84c
2018-01-09 15:47:44,396 [Mule.app.deployer.monitor.1.thread.1] INFO  org.mule.processor.SedaStageLifecycleManager - Initialising service: post:/Orchard/track:orchard_new-config.stage1
2018-01-09 15:47:44,460 [Mule.app.deployer.monitor.1.thread.1] INFO  org.mule.module.apikit.Configuration - Building resource URI cache...
2018-01-09 15:47:44,485 [Mule.app.deployer.monitor.1.thread.1] INFO  org.mule.config.spring.SpringXmlConfigurationBuilder - Configured Mule using "org.mule.config.spring.SpringXmlConfigurationBuilder" with configuration resource(s): "[ConfigResource{resourceName='C:\Users\EAI\AnypointStudio\workspace\.mule\apps\Orchard_new\basicJavaComponent.xml'}, ConfigResource{resourceName='C:\Users\EAI\AnypointStudio\workspace\.mule\apps\Orchard_new\implementation.xml'}, ConfigResource{resourceName='C:\Users\EAI\AnypointStudio\workspace\.mule\apps\Orchard_new\orchard_new.xml'}]"
2018-01-09 15:47:44,485 [Mule.app.deployer.monitor.1.thread.1] INFO  org.mule.config.builders.AutoConfigurationBuilder - Configured Mule using "org.mule.config.builders.AutoConfigurationBuilder" with configuration resource(s): "[ConfigResource{resourceName='C:\Users\EAI\AnypointStudio\workspace\.mule\apps\Orchard_new\basicJavaComponent.xml'}, ConfigResource{resourceName='C:\Users\EAI\AnypointStudio\workspace\.mule\apps\Orchard_new\implementation.xml'}, ConfigResource{resourceName='C:\Users\EAI\AnypointStudio\workspace\.mule\apps\Orchard_new\orchard_new.xml'}]"
2018-01-09 15:47:47,493 [Mule.app.deployer.monitor.1.thread.1] INFO  org.mule.module.launcher.application.DefaultMuleApplication - 
++++++++++++++++++++++++++++++++++++++++++++++++++++++++++++
+ Starting app 'Orchard_new'                               +
++++++++++++++++++++++++++++++++++++++++++++++++++++++++++++
2018-01-09 15:47:47,503 [Mule.app.deployer.monitor.1.thread.1] INFO  org.mule.util.queue.QueueXaResourceManager - Starting ResourceManager
2018-01-09 15:47:47,503 [Mule.app.deployer.monitor.1.thread.1] INFO  org.mule.util.queue.QueueXaResourceManager - Started ResourceManager
2018-01-09 15:47:47,530 [Mule.app.deployer.monitor.1.thread.1] INFO  org.mule.module.http.internal.listener.DefaultHttpListenerConfig - Listening for requests on http://0.0.0.0:8012/Orchard
2018-01-09 15:47:47,530 [Mule.app.deployer.monitor.1.thread.1] INFO  org.mule.module.http.internal.listener.DefaultHttpListenerConfig - Listening for requests on http://0.0.0.0:8989/Orchard
2018-01-09 15:47:47,545 [Mule.app.deployer.monitor.1.thread.1] INFO  org.mule.module.http.internal.listener.DefaultHttpListenerConfig - Listening for requests on http://0.0.0.0:8011/orchard
2018-01-09 15:47:47,545 [Mule.app.deployer.monitor.1.thread.1] INFO  org.mule.module.http.internal.listener.DefaultHttpListenerConfig - Listening for requests on http://localhost:6969/orchard
2018-01-09 15:47:47,545 [Mule.app.deployer.monitor.1.thread.1] INFO  org.mule.module.http.internal.listener.DefaultHttpListenerConfig - Listening for requests on http://0.0.0.0:8081
2018-01-09 15:47:47,561 [Mule.app.deployer.monitor.1.thread.1] INFO  org.mule.modules.oauth2.provider.agents.DefaultSplashScreenAgent - 
++++++++++++++++++++++++++++++++++++++++++++++++++++++++++++++++++++++++++++++++
+ DevKit Extensions (0) used in this application 
                             +
++++++++++++++++++++++++++++++++++++++++++++++++++++++++++++++++++++++++++++++++
2018-01-09 15:47:47,561 [Mule.app.deployer.monitor.1.thread.1] INFO  org.mule.lifecycle.AbstractLifecycleManager - Starting model: _muleSystemModel
2018-01-09 15:47:47,561 [Mule.app.deployer.monitor.1.thread.1] INFO  org.mule.construct.FlowConstructLifecycleManager - Starting flow: jjFlow
2018-01-09 15:47:47,561 [Mule.app.deployer.monitor.1.thread.1] INFO  org.mule.processor.SedaStageLifecycleManager - Starting service: jjFlow.stage1
2018-01-09 15:47:47,561 [Mule.app.deployer.monitor.1.thread.1] INFO  org.mule.component.ComponentLifecycleManager - Starting component: component.655002829
2018-01-09 15:47:47,561 [Mule.app.deployer.monitor.1.thread.1] INFO  org.mule.construct.FlowConstructLifecycleManager - Starting flow: second-flow
2018-01-09 15:47:47,561 [Mule.app.deployer.monitor.1.thread.1] INFO  org.mule.processor.SedaStageLifecycleManager - Starting service: second-flow.stage1
2018-01-09 15:47:47,576 [Mule.app.deployer.monitor.1.thread.1] INFO  org.mule.construct.FlowConstructLifecycleManager - Starting flow: getMinds
2018-01-09 15:47:47,576 [Mule.app.deployer.monitor.1.thread.1] INFO  org.mule.processor.SedaStageLifecycleManager - Starting service: getMinds.stage1
2018-01-09 15:47:47,576 [Mule.app.deployer.monitor.1.thread.1] INFO  org.mule.construct.FlowConstructLifecycleManager - Starting flow: PostMinds
2018-01-09 15:47:47,576 [Mule.app.deployer.monitor.1.thread.1] INFO  org.mule.processor.SedaStageLifecycleManager - Starting service: PostMinds.stage1
2018-01-09 15:47:47,576 [Mule.app.deployer.monitor.1.thread.1] INFO  org.mule.construct.FlowConstructLifecycleManager - Starting flow: GetLeads
2018-01-09 15:47:47,576 [Mule.app.deployer.monitor.1.thread.1] INFO  org.mule.processor.SedaStageLifecycleManager - Starting service: GetLeads.stage1
2018-01-09 15:47:47,576 [Mule.app.deployer.monitor.1.thread.1] INFO  org.mule.construct.FlowConstructLifecycleManager - Starting flow: postLeads
2018-01-09 15:47:47,576 [Mule.app.deployer.monitor.1.thread.1] INFO  org.mule.processor.SedaStageLifecycleManager - Starting service: postLeads.stage1
2018-01-09 15:47:47,576 [Mule.app.deployer.monitor.1.thread.1] INFO  org.mule.construct.FlowConstructLifecycleManager - Starting flow: getTracks
2018-01-09 15:47:47,576 [Mule.app.deployer.monitor.1.thread.1] INFO  org.mule.processor.SedaStageLifecycleManager - Starting service: getTracks.stage1
2018-01-09 15:47:47,592 [Mule.app.deployer.monitor.1.thread.1] INFO  org.mule.construct.FlowConstructLifecycleManager - Starting flow: PostTracks
2018-01-09 15:47:47,592 [Mule.app.deployer.monitor.1.thread.1] INFO  org.mule.processor.SedaStageLifecycleManager - Starting service: PostTracks.stage1
2018-01-09 15:47:47,592 [Mule.app.deployer.monitor.1.thread.1] INFO  org.mule.construct.FlowConstructLifecycleManager - Starting flow: orchard_new-main
2018-01-09 15:47:47,592 [Mule.app.deployer.monitor.1.thread.1] INFO  org.mule.processor.SedaStageLifecycleManager - Starting service: orchard_new-main.stage1
2018-01-09 15:47:47,592 [Mule.app.deployer.monitor.1.thread.1] INFO  org.mule.module.apikit.Configuration - 
********************************************************************************
* APIKit Console URL: http://127.0.0.1:8081/console                            *
********************************************************************************
2018-01-09 15:47:47,592 [Mule.app.deployer.monitor.1.thread.1] INFO  org.mule.construct.FlowConstructLifecycleManager - Starting flow: orchard_new-console
2018-01-09 15:47:47,592 [Mule.app.deployer.monitor.1.thread.1] INFO  org.mule.processor.SedaStageLifecycleManager - Starting service: orchard_new-console.stage1
2018-01-09 15:47:47,608 [Mule.app.deployer.monitor.1.thread.1] INFO  org.mule.construct.FlowConstructLifecycleManager - Starting flow: get:/Orchard/leads:orchard_new-config
2018-01-09 15:47:47,608 [Mule.app.deployer.monitor.1.thread.1] INFO  org.mule.processor.SedaStageLifecycleManager - Starting service: get:/Orchard/leads:orchard_new-config.stage1
2018-01-09 15:47:47,608 [Mule.app.deployer.monitor.1.thread.1] INFO  org.mule.construct.FlowConstructLifecycleManager - Starting flow: get:/Orchard/minds:orchard_new-config
2018-01-09 15:47:47,608 [Mule.app.deployer.monitor.1.thread.1] INFO  org.mule.processor.SedaStageLifecycleManager - Starting service: get:/Orchard/minds:orchard_new-config.stage1
2018-01-09 15:47:47,608 [Mule.app.deployer.monitor.1.thread.1] INFO  org.mule.construct.FlowConstructLifecycleManager - Starting flow: get:/Orchard/track:orchard_new-config
2018-01-09 15:47:47,608 [Mule.app.deployer.monitor.1.thread.1] INFO  org.mule.processor.SedaStageLifecycleManager - Starting service: get:/Orchard/track:orchard_new-config.stage1
2018-01-09 15:47:47,608 [Mule.app.deployer.monitor.1.thread.1] INFO  org.mule.construct.FlowConstructLifecycleManager - Starting flow: post:/Orchard/leads:orchard_new-config
2018-01-09 15:47:47,608 [Mule.app.deployer.monitor.1.thread.1] INFO  org.mule.processor.SedaStageLifecycleManager - Starting service: post:/Orchard/leads:orchard_new-config.stage1
2018-01-09 15:47:47,608 [Mule.app.deployer.monitor.1.thread.1] INFO  org.mule.construct.FlowConstructLifecycleManager - Starting flow: post:/Orchard/minds:orchard_new-config
2018-01-09 15:47:47,608 [Mule.app.deployer.monitor.1.thread.1] INFO  org.mule.processor.SedaStageLifecycleManager - Starting service: post:/Orchard/minds:orchard_new-config.stage1
2018-01-09 15:47:47,623 [Mule.app.deployer.monitor.1.thread.1] INFO  org.mule.construct.FlowConstructLifecycleManager - Starting flow: post:/Orchard/track:orchard_new-config
2018-01-09 15:47:47,623 [Mule.app.deployer.monitor.1.thread.1] INFO  org.mule.processor.SedaStageLifecycleManager - Starting service: post:/Orchard/track:orchard_new-config.stage1
2018-01-09 15:47:47,623 [Mule.app.deployer.monitor.1.thread.1] INFO  org.mule.module.management.agent.WrapperManagerAgent - This JVM hasn't been launched by the wrapper, the agent will not run.
2018-01-09 15:47:47,639 [Mule.app.deployer.monitor.1.thread.1] INFO  org.mule.DefaultMuleContext - 
**********************************************************************
* Application: Orchard_new                                           *
* OS encoding: \, Mule encoding: UTF-8                               *
*                                                                    *
* Agents Running:                                                    *
*   DevKit Extension Information                                     *
*   JMX Agent                                                        *
*   Batch module default engine                                      *
*   Wrapper Manager                                                  *
**********************************************************************
2018-01-10 08:55:25,930 [main] INFO  org.mule.module.launcher.application.DefaultMuleApplication - 
++++++++++++++++++++++++++++++++++++++++++++++++++++++++++++
+ Initializing app 'Orchard_new'                           +
++++++++++++++++++++++++++++++++++++++++++++++++++++++++++++
2018-01-10 08:55:26,121 [main] INFO  org.mule.lifecycle.AbstractLifecycleManager - Initialising RegistryBroker
2018-01-10 08:55:26,225 [main] INFO  org.mule.module.extension.internal.manager.DefaultExtensionManager - Starting discovery of extensions
2018-01-10 08:55:26,321 [main] INFO  org.mule.module.extension.internal.manager.DefaultExtensionManager - Discovered 1 extensions
2018-01-10 08:55:26,321 [main] INFO  org.mule.module.extension.internal.manager.DefaultExtensionManager - Registering extension validation (version 3.8)
2018-01-10 08:55:26,391 [main] INFO  org.mule.config.spring.MuleArtifactContext - Refreshing org.mule.config.spring.MuleArtifactContext@245a26e1: startup date [Wed Jan 10 08:55:26 IST 2018]; root of context hierarchy
2018-01-10 08:55:27,703 [main] INFO  org.mule.config.spring.processors.NoDevkitInjectorProcessor - JSR-330 'javax.inject.Inject' annotation found and supported for autowiring
2018-01-10 08:55:28,016 [main] WARN  org.mule.expression.DefaultExpressionManager - Expression string is not an expression.  Use isExpression(String) to validate first
2018-01-10 08:55:28,016 [main] WARN  org.mule.expression.DefaultExpressionManager - Expression string is not an expression.  Use isExpression(String) to validate first
2018-01-10 08:55:28,016 [main] WARN  org.mule.expression.DefaultExpressionManager - Expression string is not an expression.  Use isExpression(String) to validate first
2018-01-10 08:55:28,016 [main] WARN  org.mule.expression.DefaultExpressionManager - Expression string is not an expression.  Use isExpression(String) to validate first
2018-01-10 08:55:28,034 [main] WARN  org.mule.expression.DefaultExpressionManager - Expression string is not an expression.  Use isExpression(String) to validate first
2018-01-10 08:55:28,035 [main] WARN  org.mule.expression.DefaultExpressionManager - Expression string is not an expression.  Use isExpression(String) to validate first
2018-01-10 08:55:28,035 [main] WARN  org.mule.expression.DefaultExpressionManager - Expression string is not an expression.  Use isExpression(String) to validate first
2018-01-10 08:55:28,035 [main] WARN  org.mule.expression.DefaultExpressionManager - Expression string is not an expression.  Use isExpression(String) to validate first
2018-01-10 08:55:28,515 [main] WARN  org.mule.module.ognl.expression.OgnlExpressionEvaluator - OGNL module is deprecated and will be removed in Mule 4.0. Use MEL expressions instead.
2018-01-10 08:55:29,019 [main] INFO  org.mule.util.journal.TransactionJournal - Using files for tx logs C:\Users\EAI\AnypointStudio\workspace\.mule\.\.mule\Orchard_new\queue-tx-log\tx1.log and C:\Users\EAI\AnypointStudio\workspace\.mule\.\.mule\Orchard_new\queue-tx-log\tx2.log
2018-01-10 08:55:29,031 [main] INFO  org.mule.util.journal.TransactionJournal - Using files for tx logs C:\Users\EAI\AnypointStudio\workspace\.mule\.\.mule\Orchard_new\queue-xa-tx-log\tx1.log and C:\Users\EAI\AnypointStudio\workspace\.mule\.\.mule\Orchard_new\queue-xa-tx-log\tx2.log
2018-01-10 08:55:29,103 [main] INFO  org.mule.lifecycle.AbstractLifecycleManager - Initialising model: _muleSystemModel
2018-01-10 08:55:29,107 [main] INFO  org.mule.construct.FlowConstructLifecycleManager - Initialising flow: jjFlow
2018-01-10 08:55:29,108 [main] INFO  org.mule.exception.DefaultMessagingExceptionStrategy - Initialising exception listener: org.mule.exception.DefaultMessagingExceptionStrategy@ea04cab
2018-01-10 08:55:29,129 [main] INFO  org.mule.processor.SedaStageLifecycleManager - Initialising service: jjFlow.stage1
2018-01-10 08:55:29,137 [main] INFO  org.mule.component.ComponentLifecycleManager - Initialising component: component.2106609649
2018-01-10 08:55:29,140 [main] INFO  org.mule.construct.FlowConstructLifecycleManager - Initialising flow: second-flow
2018-01-10 08:55:29,140 [main] INFO  org.mule.exception.DefaultMessagingExceptionStrategy - Initialising exception listener: org.mule.exception.DefaultMessagingExceptionStrategy@3aed69dd
2018-01-10 08:55:29,143 [main] INFO  org.mule.processor.SedaStageLifecycleManager - Initialising service: second-flow.stage1
2018-01-10 08:55:29,144 [main] INFO  org.mule.construct.FlowConstructLifecycleManager - Initialising flow: getMinds
2018-01-10 08:55:29,144 [main] INFO  org.mule.exception.DefaultMessagingExceptionStrategy - Initialising exception listener: org.mule.exception.DefaultMessagingExceptionStrategy@3e214105
2018-01-10 08:55:29,147 [main] INFO  org.mule.processor.SedaStageLifecycleManager - Initialising service: getMinds.stage1
2018-01-10 08:55:29,545 [main] INFO  org.mule.construct.FlowConstructLifecycleManager - Initialising flow: PostMinds
2018-01-10 08:55:29,545 [main] INFO  org.mule.exception.DefaultMessagingExceptionStrategy - Initialising exception listener: org.mule.exception.DefaultMessagingExceptionStrategy@3d2f3dcb
2018-01-10 08:55:29,548 [main] INFO  org.mule.processor.SedaStageLifecycleManager - Initialising service: PostMinds.stage1
2018-01-10 08:55:29,549 [main] INFO  org.mule.construct.FlowConstructLifecycleManager - Initialising flow: GetLeads
2018-01-10 08:55:29,549 [main] INFO  org.mule.exception.DefaultMessagingExceptionStrategy - Initialising exception listener: org.mule.exception.DefaultMessagingExceptionStrategy@2180e789
2018-01-10 08:55:29,551 [main] INFO  org.mule.processor.SedaStageLifecycleManager - Initialising service: GetLeads.stage1
2018-01-10 08:55:29,552 [main] INFO  org.mule.construct.FlowConstructLifecycleManager - Initialising flow: postLeads
2018-01-10 08:55:29,552 [main] INFO  org.mule.exception.DefaultMessagingExceptionStrategy - Initialising exception listener: org.mule.exception.DefaultMessagingExceptionStrategy@51c65a43
2018-01-10 08:55:29,554 [main] INFO  org.mule.processor.SedaStageLifecycleManager - Initialising service: postLeads.stage1
2018-01-10 08:55:29,554 [main] INFO  org.mule.construct.FlowConstructLifecycleManager - Initialising flow: getTracks
2018-01-10 08:55:29,554 [main] INFO  org.mule.exception.DefaultMessagingExceptionStrategy - Initialising exception listener: org.mule.exception.DefaultMessagingExceptionStrategy@15639d09
2018-01-10 08:55:29,557 [main] INFO  org.mule.processor.SedaStageLifecycleManager - Initialising service: getTracks.stage1
2018-01-10 08:55:29,557 [main] INFO  org.mule.construct.FlowConstructLifecycleManager - Initialising flow: PostTracks
2018-01-10 08:55:29,558 [main] INFO  org.mule.exception.DefaultMessagingExceptionStrategy - Initialising exception listener: org.mule.exception.DefaultMessagingExceptionStrategy@58eac00e
2018-01-10 08:55:29,561 [main] INFO  org.mule.processor.SedaStageLifecycleManager - Initialising service: PostTracks.stage1
2018-01-10 08:55:29,561 [main] INFO  org.mule.construct.FlowConstructLifecycleManager - Initialising flow: orchard_new-main
2018-01-10 08:55:29,561 [main] INFO  org.mule.module.apikit.MappingExceptionListener - Initialising exception listener: MappingExceptionListener{statusCode=404, exceptions=[org.mule.module.apikit.exception.NotFoundException]}
2018-01-10 08:55:29,562 [main] INFO  org.mule.module.apikit.MappingExceptionListener - Initialising exception listener: MappingExceptionListener{statusCode=405, exceptions=[org.mule.module.apikit.exception.MethodNotAllowedException]}
2018-01-10 08:55:29,562 [main] INFO  org.mule.module.apikit.MappingExceptionListener - Initialising exception listener: MappingExceptionListener{statusCode=415, exceptions=[org.mule.module.apikit.exception.UnsupportedMediaTypeException]}
2018-01-10 08:55:29,562 [main] INFO  org.mule.module.apikit.MappingExceptionListener - Initialising exception listener: MappingExceptionListener{statusCode=406, exceptions=[org.mule.module.apikit.exception.NotAcceptableException]}
2018-01-10 08:55:29,563 [main] INFO  org.mule.module.apikit.MappingExceptionListener - Initialising exception listener: MappingExceptionListener{statusCode=400, exceptions=[org.mule.module.apikit.exception.BadRequestException]}
2018-01-10 08:55:29,567 [main] INFO  org.mule.processor.SedaStageLifecycleManager - Initialising service: orchard_new-main.stage1
2018-01-10 08:55:29,568 [main] INFO  org.mule.construct.FlowConstructLifecycleManager - Initialising flow: orchard_new-console
2018-01-10 08:55:29,568 [main] INFO  org.mule.exception.DefaultMessagingExceptionStrategy - Initialising exception listener: org.mule.exception.DefaultMessagingExceptionStrategy@11d4d979
2018-01-10 08:55:29,573 [main] INFO  org.mule.processor.SedaStageLifecycleManager - Initialising service: orchard_new-console.stage1
2018-01-10 08:55:29,576 [main] INFO  org.mule.construct.FlowConstructLifecycleManager - Initialising flow: get:/Orchard/leads:orchard_new-config
2018-01-10 08:55:29,576 [main] INFO  org.mule.exception.DefaultMessagingExceptionStrategy - Initialising exception listener: org.mule.exception.DefaultMessagingExceptionStrategy@72028a45
2018-01-10 08:55:29,579 [main] INFO  org.mule.processor.SedaStageLifecycleManager - Initialising service: get:/Orchard/leads:orchard_new-config.stage1
2018-01-10 08:55:29,579 [main] INFO  org.mule.construct.FlowConstructLifecycleManager - Initialising flow: get:/Orchard/minds:orchard_new-config
2018-01-10 08:55:29,579 [main] INFO  org.mule.exception.DefaultMessagingExceptionStrategy - Initialising exception listener: org.mule.exception.DefaultMessagingExceptionStrategy@41f3aaf1
2018-01-10 08:55:29,582 [main] INFO  org.mule.processor.SedaStageLifecycleManager - Initialising service: get:/Orchard/minds:orchard_new-config.stage1
2018-01-10 08:55:29,582 [main] INFO  org.mule.construct.FlowConstructLifecycleManager - Initialising flow: get:/Orchard/track:orchard_new-config
2018-01-10 08:55:29,582 [main] INFO  org.mule.exception.DefaultMessagingExceptionStrategy - Initialising exception listener: org.mule.exception.DefaultMessagingExceptionStrategy@59303963
2018-01-10 08:55:29,585 [main] INFO  org.mule.processor.SedaStageLifecycleManager - Initialising service: get:/Orchard/track:orchard_new-config.stage1
2018-01-10 08:55:29,586 [main] INFO  org.mule.construct.FlowConstructLifecycleManager - Initialising flow: post:/Orchard/leads:orchard_new-config
2018-01-10 08:55:29,586 [main] INFO  org.mule.exception.DefaultMessagingExceptionStrategy - Initialising exception listener: org.mule.exception.DefaultMessagingExceptionStrategy@236ae13d
2018-01-10 08:55:29,589 [main] INFO  org.mule.processor.SedaStageLifecycleManager - Initialising service: post:/Orchard/leads:orchard_new-config.stage1
2018-01-10 08:55:29,590 [main] INFO  org.mule.construct.FlowConstructLifecycleManager - Initialising flow: post:/Orchard/minds:orchard_new-config
2018-01-10 08:55:29,590 [main] INFO  org.mule.exception.DefaultMessagingExceptionStrategy - Initialising exception listener: org.mule.exception.DefaultMessagingExceptionStrategy@67d4c48d
2018-01-10 08:55:29,592 [main] INFO  org.mule.processor.SedaStageLifecycleManager - Initialising service: post:/Orchard/minds:orchard_new-config.stage1
2018-01-10 08:55:29,593 [main] INFO  org.mule.construct.FlowConstructLifecycleManager - Initialising flow: post:/Orchard/track:orchard_new-config
2018-01-10 08:55:29,593 [main] INFO  org.mule.exception.DefaultMessagingExceptionStrategy - Initialising exception listener: org.mule.exception.DefaultMessagingExceptionStrategy@79ba0a6f
2018-01-10 08:55:29,596 [main] INFO  org.mule.processor.SedaStageLifecycleManager - Initialising service: post:/Orchard/track:orchard_new-config.stage1
2018-01-10 08:55:29,918 [main] INFO  org.mule.module.apikit.Configuration - Building resource URI cache...
2018-01-10 08:55:29,962 [main] INFO  org.mule.config.spring.SpringXmlConfigurationBuilder - Configured Mule using "org.mule.config.spring.SpringXmlConfigurationBuilder" with configuration resource(s): "[ConfigResource{resourceName='C:\Users\EAI\AnypointStudio\workspace\.mule\apps\Orchard_new\basicJavaComponent.xml'}, ConfigResource{resourceName='C:\Users\EAI\AnypointStudio\workspace\.mule\apps\Orchard_new\implementation.xml'}, ConfigResource{resourceName='C:\Users\EAI\AnypointStudio\workspace\.mule\apps\Orchard_new\orchard_new.xml'}]"
2018-01-10 08:55:29,962 [main] INFO  org.mule.config.builders.AutoConfigurationBuilder - Configured Mule using "org.mule.config.builders.AutoConfigurationBuilder" with configuration resource(s): "[ConfigResource{resourceName='C:\Users\EAI\AnypointStudio\workspace\.mule\apps\Orchard_new\basicJavaComponent.xml'}, ConfigResource{resourceName='C:\Users\EAI\AnypointStudio\workspace\.mule\apps\Orchard_new\implementation.xml'}, ConfigResource{resourceName='C:\Users\EAI\AnypointStudio\workspace\.mule\apps\Orchard_new\orchard_new.xml'}]"
2018-01-10 08:55:32,996 [main] INFO  org.mule.module.launcher.application.DefaultMuleApplication - 
++++++++++++++++++++++++++++++++++++++++++++++++++++++++++++
+ Starting app 'Orchard_new'                               +
++++++++++++++++++++++++++++++++++++++++++++++++++++++++++++
2018-01-10 08:55:33,004 [main] INFO  org.mule.util.queue.QueueXaResourceManager - Starting ResourceManager
2018-01-10 08:55:33,004 [main] INFO  org.mule.util.queue.QueueXaResourceManager - Started ResourceManager
2018-01-10 08:55:33,059 [main] INFO  org.mule.module.http.internal.listener.DefaultHttpListenerConfig - Listening for requests on http://0.0.0.0:8012/Orchard
2018-01-10 08:55:33,063 [main] INFO  org.mule.module.http.internal.listener.DefaultHttpListenerConfig - Listening for requests on http://0.0.0.0:8989/Orchard
2018-01-10 08:55:33,067 [main] INFO  org.mule.module.http.internal.listener.DefaultHttpListenerConfig - Listening for requests on http://0.0.0.0:8011/orchard
2018-01-10 08:55:33,071 [main] INFO  org.mule.module.http.internal.listener.DefaultHttpListenerConfig - Listening for requests on http://localhost:6969/orchard
2018-01-10 08:55:33,076 [main] INFO  org.mule.module.http.internal.listener.DefaultHttpListenerConfig - Listening for requests on http://0.0.0.0:8081
2018-01-10 08:55:33,078 [main] INFO  org.mule.modules.oauth2.provider.agents.DefaultSplashScreenAgent - 
++++++++++++++++++++++++++++++++++++++++++++++++++++++++++++++++++++++++++++++++
+ DevKit Extensions (0) used in this application 
                             +
++++++++++++++++++++++++++++++++++++++++++++++++++++++++++++++++++++++++++++++++
2018-01-10 08:55:33,082 [main] INFO  org.mule.lifecycle.AbstractLifecycleManager - Starting model: _muleSystemModel
2018-01-10 08:55:33,083 [main] INFO  org.mule.construct.FlowConstructLifecycleManager - Starting flow: jjFlow
2018-01-10 08:55:33,084 [main] INFO  org.mule.processor.SedaStageLifecycleManager - Starting service: jjFlow.stage1
2018-01-10 08:55:33,087 [main] INFO  org.mule.component.ComponentLifecycleManager - Starting component: component.2106609649
2018-01-10 08:55:33,091 [main] INFO  org.mule.construct.FlowConstructLifecycleManager - Starting flow: second-flow
2018-01-10 08:55:33,091 [main] INFO  org.mule.processor.SedaStageLifecycleManager - Starting service: second-flow.stage1
2018-01-10 08:55:33,093 [main] INFO  org.mule.construct.FlowConstructLifecycleManager - Starting flow: getMinds
2018-01-10 08:55:33,093 [main] INFO  org.mule.processor.SedaStageLifecycleManager - Starting service: getMinds.stage1
2018-01-10 08:55:33,096 [main] INFO  org.mule.construct.FlowConstructLifecycleManager - Starting flow: PostMinds
2018-01-10 08:55:33,096 [main] INFO  org.mule.processor.SedaStageLifecycleManager - Starting service: PostMinds.stage1
2018-01-10 08:55:33,098 [main] INFO  org.mule.construct.FlowConstructLifecycleManager - Starting flow: GetLeads
2018-01-10 08:55:33,098 [main] INFO  org.mule.processor.SedaStageLifecycleManager - Starting service: GetLeads.stage1
2018-01-10 08:55:33,101 [main] INFO  org.mule.construct.FlowConstructLifecycleManager - Starting flow: postLeads
2018-01-10 08:55:33,101 [main] INFO  org.mule.processor.SedaStageLifecycleManager - Starting service: postLeads.stage1
2018-01-10 08:55:33,103 [main] INFO  org.mule.construct.FlowConstructLifecycleManager - Starting flow: getTracks
2018-01-10 08:55:33,103 [main] INFO  org.mule.processor.SedaStageLifecycleManager - Starting service: getTracks.stage1
2018-01-10 08:55:33,105 [main] INFO  org.mule.construct.FlowConstructLifecycleManager - Starting flow: PostTracks
2018-01-10 08:55:33,105 [main] INFO  org.mule.processor.SedaStageLifecycleManager - Starting service: PostTracks.stage1
2018-01-10 08:55:33,107 [main] INFO  org.mule.construct.FlowConstructLifecycleManager - Starting flow: orchard_new-main
2018-01-10 08:55:33,108 [main] INFO  org.mule.processor.SedaStageLifecycleManager - Starting service: orchard_new-main.stage1
2018-01-10 08:55:33,118 [main] INFO  org.mule.module.apikit.Configuration - 
********************************************************************************
* APIKit Console URL: http://127.0.0.1:8081/console                            *
********************************************************************************
2018-01-10 08:55:33,118 [main] INFO  org.mule.construct.FlowConstructLifecycleManager - Starting flow: orchard_new-console
2018-01-10 08:55:33,118 [main] INFO  org.mule.processor.SedaStageLifecycleManager - Starting service: orchard_new-console.stage1
2018-01-10 08:55:33,122 [main] INFO  org.mule.construct.FlowConstructLifecycleManager - Starting flow: get:/Orchard/leads:orchard_new-config
2018-01-10 08:55:33,122 [main] INFO  org.mule.processor.SedaStageLifecycleManager - Starting service: get:/Orchard/leads:orchard_new-config.stage1
2018-01-10 08:55:33,124 [main] INFO  org.mule.construct.FlowConstructLifecycleManager - Starting flow: get:/Orchard/minds:orchard_new-config
2018-01-10 08:55:33,125 [main] INFO  org.mule.processor.SedaStageLifecycleManager - Starting service: get:/Orchard/minds:orchard_new-config.stage1
2018-01-10 08:55:33,128 [main] INFO  org.mule.construct.FlowConstructLifecycleManager - Starting flow: get:/Orchard/track:orchard_new-config
2018-01-10 08:55:33,128 [main] INFO  org.mule.processor.SedaStageLifecycleManager - Starting service: get:/Orchard/track:orchard_new-config.stage1
2018-01-10 08:55:33,132 [main] INFO  org.mule.construct.FlowConstructLifecycleManager - Starting flow: post:/Orchard/leads:orchard_new-config
2018-01-10 08:55:33,132 [main] INFO  org.mule.processor.SedaStageLifecycleManager - Starting service: post:/Orchard/leads:orchard_new-config.stage1
2018-01-10 08:55:33,135 [main] INFO  org.mule.construct.FlowConstructLifecycleManager - Starting flow: post:/Orchard/minds:orchard_new-config
2018-01-10 08:55:33,136 [main] INFO  org.mule.processor.SedaStageLifecycleManager - Starting service: post:/Orchard/minds:orchard_new-config.stage1
2018-01-10 08:55:33,138 [main] INFO  org.mule.construct.FlowConstructLifecycleManager - Starting flow: post:/Orchard/track:orchard_new-config
2018-01-10 08:55:33,138 [main] INFO  org.mule.processor.SedaStageLifecycleManager - Starting service: post:/Orchard/track:orchard_new-config.stage1
2018-01-10 08:55:33,211 [main] INFO  org.mule.module.management.agent.WrapperManagerAgent - This JVM hasn't been launched by the wrapper, the agent will not run.
2018-01-10 08:55:33,240 [main] INFO  org.mule.DefaultMuleContext - 
**********************************************************************
* Application: Orchard_new                                           *
* OS encoding: \, Mule encoding: UTF-8                               *
*                                                                    *
* Agents Running:                                                    *
*   DevKit Extension Information                                     *
*   JMX Agent                                                        *
*   Batch module default engine                                      *
*   Wrapper Manager                                                  *
**********************************************************************
